2019-03-29 12:55:28,419 __main__     INFO Crawler created
2019-03-29 12:56:33,706 __main__     INFO Crawler created
2019-03-29 12:56:33,936 __main__     INFO 200 - GET https://wikitravel.org/en/Finland
2019-03-29 12:56:58,726 __main__     INFO Crawler created
2019-03-29 12:56:58,964 __main__     INFO 200 - GET https://wikitravel.org/en/Finland
2019-03-29 12:57:04,236 __main__     INFO Crawler created
2019-03-29 12:57:04,466 __main__     INFO 200 - GET https://wikitravel.org/en/Finland
2019-03-29 13:10:32,144 __main__     INFO Crawler created
2019-03-29 13:10:32,438 __main__     INFO 200 - GET https://wikitravel.org/wiki/en/api.php?action=parse&page=Finland&format=%3Cmodule+%27json%27+from+%27%2Fusr%2Flocal%2Flib%2Fpython3.7%2Fjson%2F__init__.py%27%3E
2019-03-29 13:10:51,176 __main__     INFO Crawler created
2019-03-29 13:10:51,478 __main__     INFO 200 - GET https://wikitravel.org/wiki/en/api.php?action=parse&page=Finland&format=%3Cmodule+%27json%27+from+%27%2Fusr%2Flocal%2Flib%2Fpython3.7%2Fjson%2F__init__.py%27%3E
2019-03-29 13:10:56,925 __main__     INFO Crawler created
2019-03-29 13:10:57,221 __main__     INFO 200 - GET https://wikitravel.org/wiki/en/api.php?action=parse&page=Finland&format=%3Cmodule+%27json%27+from+%27%2Fusr%2Flocal%2Flib%2Fpython3.7%2Fjson%2F__init__.py%27%3E
2019-03-29 13:11:29,482 __main__     INFO Crawler created
2019-03-29 13:11:30,350 __main__     INFO 200 - GET https://wikitravel.org/wiki/en/api.php?action=parse&page=Finland&format=json
2019-03-29 13:12:21,201 __main__     INFO Crawler created
2019-03-29 13:12:22,077 __main__     INFO 200 - GET https://wikitravel.org/wiki/en/api.php?action=parse&page=Finland&format=json
2019-03-29 13:12:43,714 __main__     INFO Crawler created
2019-03-29 13:12:44,232 __main__     INFO 200 - GET https://wikitravel.org/wiki/en/api.php?action=parse&page=Finland&format=json
2019-03-29 13:12:57,862 __main__     INFO Crawler created
2019-03-29 13:12:58,208 __main__     INFO 200 - GET https://wikitravel.org/wiki/en/api.php?action=parse&page=Finland&format=json
2019-03-29 13:15:42,996 __main__     INFO Crawler created
2019-03-29 13:15:43,358 __main__     INFO 200 - GET https://wikitravel.org/wiki/en/api.php?action=parse&page=Finland&format=json
2019-03-29 13:16:21,411 __main__     INFO Crawler created
2019-03-29 13:16:21,776 __main__     INFO 200 - GET https://wikitravel.org/wiki/en/api.php?action=parse&page=Finland&format=json
2019-03-29 13:17:43,530 __main__     INFO Crawler created
2019-03-29 13:17:44,057 __main__     INFO 200 - GET https://wikitravel.org/wiki/en/api.php?action=parse&page=Finland&format=json
2019-03-29 13:17:44,381 __main__     INFO 200 - GET https://wikitravel.org/wiki/en/api.php?action=parse&page=Sweden&format=json
2019-03-29 13:17:45,071 __main__     INFO 200 - GET https://wikitravel.org/wiki/en/api.php?action=parse&page=Norway&format=json
2019-03-29 13:17:45,402 __main__     INFO 200 - GET https://wikitravel.org/wiki/en/api.php?action=parse&page=Iceland&format=json
2019-03-29 13:19:43,223 __main__     INFO Crawler created
2019-03-29 13:20:38,273 __main__     INFO Crawler created
2019-03-29 13:20:46,414 __main__     INFO Crawler created
2019-03-29 13:20:46,889 __main__     INFO 200 - GET https://wikitravel.org/wiki/en/api.php?action=parse&page=Afghanistan&format=json
2019-03-29 13:20:47,204 __main__     INFO 200 - GET https://wikitravel.org/wiki/en/api.php?action=parse&page=Albania&format=json
2019-03-29 13:20:47,690 __main__     INFO 200 - GET https://wikitravel.org/wiki/en/api.php?action=parse&page=Algeria&format=json
2019-03-29 13:20:48,162 __main__     INFO 200 - GET https://wikitravel.org/wiki/en/api.php?action=parse&page=Andorra&format=json
2019-03-29 13:20:48,478 __main__     INFO 200 - GET https://wikitravel.org/wiki/en/api.php?action=parse&page=Angola&format=json
2019-03-29 13:20:48,735 __main__     INFO 200 - GET https://wikitravel.org/wiki/en/api.php?action=parse&page=Antigua+%26+Deps&format=json
2019-03-29 13:20:49,053 __main__     INFO 200 - GET https://wikitravel.org/wiki/en/api.php?action=parse&page=Argentina&format=json
2019-03-29 13:20:49,387 __main__     INFO 200 - GET https://wikitravel.org/wiki/en/api.php?action=parse&page=Armenia&format=json
2019-03-29 13:20:49,782 __main__     INFO 200 - GET https://wikitravel.org/wiki/en/api.php?action=parse&page=Australia&format=json
2019-03-29 13:20:50,101 __main__     INFO 200 - GET https://wikitravel.org/wiki/en/api.php?action=parse&page=Austria&format=json
2019-03-29 13:20:50,400 __main__     INFO 200 - GET https://wikitravel.org/wiki/en/api.php?action=parse&page=Azerbaijan&format=json
2019-03-29 13:20:50,717 __main__     INFO 200 - GET https://wikitravel.org/wiki/en/api.php?action=parse&page=Bahamas&format=json
2019-03-29 13:20:50,997 __main__     INFO 200 - GET https://wikitravel.org/wiki/en/api.php?action=parse&page=Bahrain&format=json
2019-03-29 13:20:51,330 __main__     INFO 200 - GET https://wikitravel.org/wiki/en/api.php?action=parse&page=Bangladesh&format=json
2019-03-29 13:20:53,796 __main__     INFO 200 - GET https://wikitravel.org/wiki/en/api.php?action=parse&page=Barbados&format=json
2019-03-29 13:20:54,128 __main__     INFO 200 - GET https://wikitravel.org/wiki/en/api.php?action=parse&page=Belarus&format=json
2019-03-29 13:20:54,425 __main__     INFO 200 - GET https://wikitravel.org/wiki/en/api.php?action=parse&page=Belgium&format=json
2019-03-29 13:20:54,756 __main__     INFO 200 - GET https://wikitravel.org/wiki/en/api.php?action=parse&page=Belize&format=json
2019-03-29 13:20:55,057 __main__     INFO 200 - GET https://wikitravel.org/wiki/en/api.php?action=parse&page=Benin&format=json
2019-03-29 13:20:55,366 __main__     INFO 200 - GET https://wikitravel.org/wiki/en/api.php?action=parse&page=Bhutan&format=json
2019-03-29 13:20:55,670 __main__     INFO 200 - GET https://wikitravel.org/wiki/en/api.php?action=parse&page=Bolivia&format=json
2019-03-29 13:20:55,934 __main__     INFO 200 - GET https://wikitravel.org/wiki/en/api.php?action=parse&page=Bosnia+Herzegovina&format=json
2019-03-29 13:20:56,239 __main__     INFO 200 - GET https://wikitravel.org/wiki/en/api.php?action=parse&page=Botswana&format=json
2019-03-29 13:20:56,742 __main__     INFO 200 - GET https://wikitravel.org/wiki/en/api.php?action=parse&page=Brazil&format=json
2019-03-29 13:20:57,065 __main__     INFO 200 - GET https://wikitravel.org/wiki/en/api.php?action=parse&page=Brunei&format=json
2019-03-29 13:20:57,388 __main__     INFO 200 - GET https://wikitravel.org/wiki/en/api.php?action=parse&page=Bulgaria&format=json
2019-03-29 13:20:57,652 __main__     INFO 200 - GET https://wikitravel.org/wiki/en/api.php?action=parse&page=Burkina&format=json
2019-03-29 13:20:57,951 __main__     INFO 200 - GET https://wikitravel.org/wiki/en/api.php?action=parse&page=Burundi&format=json
2019-03-29 13:20:58,437 __main__     INFO 200 - GET https://wikitravel.org/wiki/en/api.php?action=parse&page=Cambodia&format=json
2019-03-29 13:20:58,743 __main__     INFO 200 - GET https://wikitravel.org/wiki/en/api.php?action=parse&page=Cameroon&format=json
2019-03-29 13:20:59,091 __main__     INFO 200 - GET https://wikitravel.org/wiki/en/api.php?action=parse&page=Canada&format=json
2019-03-29 13:20:59,405 __main__     INFO 200 - GET https://wikitravel.org/wiki/en/api.php?action=parse&page=Cape+Verde&format=json
2019-03-29 13:20:59,661 __main__     INFO 200 - GET https://wikitravel.org/wiki/en/api.php?action=parse&page=Central+African+Rep&format=json
2019-03-29 13:20:59,977 __main__     INFO 200 - GET https://wikitravel.org/wiki/en/api.php?action=parse&page=Chad&format=json
2019-03-29 13:21:00,281 __main__     INFO 200 - GET https://wikitravel.org/wiki/en/api.php?action=parse&page=Chile&format=json
2019-03-29 13:21:00,864 __main__     INFO 200 - GET https://wikitravel.org/wiki/en/api.php?action=parse&page=China&format=json
2019-03-29 13:21:01,213 __main__     INFO 200 - GET https://wikitravel.org/wiki/en/api.php?action=parse&page=Colombia&format=json
2019-03-29 13:21:01,520 __main__     INFO 200 - GET https://wikitravel.org/wiki/en/api.php?action=parse&page=Comoros&format=json
2019-03-29 13:21:01,823 __main__     INFO 200 - GET https://wikitravel.org/wiki/en/api.php?action=parse&page=Congo&format=json
2019-03-29 13:21:02,248 __main__     INFO 200 - GET https://wikitravel.org/wiki/en/api.php?action=parse&page=Congo+%7BDemocratic+Rep%7D&format=json
2019-03-29 13:21:02,555 __main__     INFO 200 - GET https://wikitravel.org/wiki/en/api.php?action=parse&page=Costa+Rica&format=json
2019-03-29 13:21:02,852 __main__     INFO 200 - GET https://wikitravel.org/wiki/en/api.php?action=parse&page=Croatia&format=json
2019-03-29 13:21:03,182 __main__     INFO 200 - GET https://wikitravel.org/wiki/en/api.php?action=parse&page=Cuba&format=json
2019-03-29 13:21:03,505 __main__     INFO 200 - GET https://wikitravel.org/wiki/en/api.php?action=parse&page=Cyprus&format=json
2019-03-29 13:21:03,851 __main__     INFO 200 - GET https://wikitravel.org/wiki/en/api.php?action=parse&page=Czech+Republic&format=json
2019-03-29 13:21:04,266 __main__     INFO 200 - GET https://wikitravel.org/wiki/en/api.php?action=parse&page=Denmark&format=json
2019-03-29 13:21:04,568 __main__     INFO 200 - GET https://wikitravel.org/wiki/en/api.php?action=parse&page=Djibouti&format=json
2019-03-29 13:21:04,854 __main__     INFO 200 - GET https://wikitravel.org/wiki/en/api.php?action=parse&page=Dominica&format=json
2019-03-29 13:21:05,158 __main__     INFO 200 - GET https://wikitravel.org/wiki/en/api.php?action=parse&page=Dominican+Republic&format=json
2019-03-29 13:21:05,449 __main__     INFO 200 - GET https://wikitravel.org/wiki/en/api.php?action=parse&page=East+Timor&format=json
2019-03-29 13:21:05,778 __main__     INFO 200 - GET https://wikitravel.org/wiki/en/api.php?action=parse&page=Ecuador&format=json
2019-03-29 13:21:06,093 __main__     INFO 200 - GET https://wikitravel.org/wiki/en/api.php?action=parse&page=Egypt&format=json
2019-03-29 13:21:06,409 __main__     INFO 200 - GET https://wikitravel.org/wiki/en/api.php?action=parse&page=El+Salvador&format=json
2019-03-29 13:21:06,708 __main__     INFO 200 - GET https://wikitravel.org/wiki/en/api.php?action=parse&page=Equatorial+Guinea&format=json
2019-03-29 13:21:07,005 __main__     INFO 200 - GET https://wikitravel.org/wiki/en/api.php?action=parse&page=Eritrea&format=json
2019-03-29 13:21:07,326 __main__     INFO 200 - GET https://wikitravel.org/wiki/en/api.php?action=parse&page=Estonia&format=json
2019-03-29 13:21:07,618 __main__     INFO 200 - GET https://wikitravel.org/wiki/en/api.php?action=parse&page=Ethiopia&format=json
2019-03-29 13:21:07,938 __main__     INFO 200 - GET https://wikitravel.org/wiki/en/api.php?action=parse&page=Fiji&format=json
2019-03-29 13:21:08,278 __main__     INFO 200 - GET https://wikitravel.org/wiki/en/api.php?action=parse&page=Finland&format=json
2019-03-29 13:21:08,649 __main__     INFO 200 - GET https://wikitravel.org/wiki/en/api.php?action=parse&page=France&format=json
2019-03-29 13:21:08,962 __main__     INFO 200 - GET https://wikitravel.org/wiki/en/api.php?action=parse&page=Gabon&format=json
2019-03-29 13:21:09,260 __main__     INFO 200 - GET https://wikitravel.org/wiki/en/api.php?action=parse&page=Gambia&format=json
2019-03-29 13:21:09,539 __main__     INFO 200 - GET https://wikitravel.org/wiki/en/api.php?action=parse&page=Georgia&format=json
2019-03-29 13:21:09,905 __main__     INFO 200 - GET https://wikitravel.org/wiki/en/api.php?action=parse&page=Germany&format=json
2019-03-29 13:21:10,225 __main__     INFO 200 - GET https://wikitravel.org/wiki/en/api.php?action=parse&page=Ghana&format=json
2019-03-29 13:21:10,562 __main__     INFO 200 - GET https://wikitravel.org/wiki/en/api.php?action=parse&page=Greece&format=json
2019-03-29 13:21:10,862 __main__     INFO 200 - GET https://wikitravel.org/wiki/en/api.php?action=parse&page=Grenada&format=json
2019-03-29 13:21:11,184 __main__     INFO 200 - GET https://wikitravel.org/wiki/en/api.php?action=parse&page=Guatemala&format=json
2019-03-29 13:21:11,489 __main__     INFO 200 - GET https://wikitravel.org/wiki/en/api.php?action=parse&page=Guinea&format=json
2019-03-29 13:21:11,770 __main__     INFO 200 - GET https://wikitravel.org/wiki/en/api.php?action=parse&page=Guinea-Bissau&format=json
2019-03-29 13:21:12,075 __main__     INFO 200 - GET https://wikitravel.org/wiki/en/api.php?action=parse&page=Guyana&format=json
2019-03-29 13:21:12,375 __main__     INFO 200 - GET https://wikitravel.org/wiki/en/api.php?action=parse&page=Haiti&format=json
2019-03-29 13:21:12,683 __main__     INFO 200 - GET https://wikitravel.org/wiki/en/api.php?action=parse&page=Honduras&format=json
2019-03-29 13:21:12,994 __main__     INFO 200 - GET https://wikitravel.org/wiki/en/api.php?action=parse&page=Hungary&format=json
2019-03-29 13:21:13,313 __main__     INFO 200 - GET https://wikitravel.org/wiki/en/api.php?action=parse&page=Iceland&format=json
2019-03-29 13:21:13,708 __main__     INFO 200 - GET https://wikitravel.org/wiki/en/api.php?action=parse&page=India&format=json
2019-03-29 13:21:14,079 __main__     INFO 200 - GET https://wikitravel.org/wiki/en/api.php?action=parse&page=Indonesia&format=json
2019-03-29 13:21:14,433 __main__     INFO 200 - GET https://wikitravel.org/wiki/en/api.php?action=parse&page=Iran&format=json
2019-03-29 13:21:14,749 __main__     INFO 200 - GET https://wikitravel.org/wiki/en/api.php?action=parse&page=Iraq&format=json
2019-03-29 13:21:15,013 __main__     INFO 200 - GET https://wikitravel.org/wiki/en/api.php?action=parse&page=Ireland+%7BRepublic%7D&format=json
2019-03-29 13:21:15,367 __main__     INFO 200 - GET https://wikitravel.org/wiki/en/api.php?action=parse&page=Israel&format=json
2019-03-29 13:21:15,709 __main__     INFO 200 - GET https://wikitravel.org/wiki/en/api.php?action=parse&page=Italy&format=json
2019-03-29 13:21:16,044 __main__     INFO 200 - GET https://wikitravel.org/wiki/en/api.php?action=parse&page=Ivory+Coast&format=json
2019-03-29 13:21:16,324 __main__     INFO 200 - GET https://wikitravel.org/wiki/en/api.php?action=parse&page=Jamaica&format=json
2019-03-29 13:21:16,762 __main__     INFO 200 - GET https://wikitravel.org/wiki/en/api.php?action=parse&page=Japan&format=json
2019-03-29 13:21:17,075 __main__     INFO 200 - GET https://wikitravel.org/wiki/en/api.php?action=parse&page=Jordan&format=json
2019-03-29 13:21:17,381 __main__     INFO 200 - GET https://wikitravel.org/wiki/en/api.php?action=parse&page=Kazakhstan&format=json
2019-03-29 13:21:17,697 __main__     INFO 200 - GET https://wikitravel.org/wiki/en/api.php?action=parse&page=Kenya&format=json
2019-03-29 13:25:40,985 __main__     INFO Crawler created
2019-03-29 13:25:41,292 __main__     INFO 200 - GET https://wikitravel.org/wiki/en/api.php?action=parse&page=Afghanistan&format=json
2019-03-29 13:25:41,608 __main__     INFO 200 - GET https://wikitravel.org/wiki/en/api.php?action=parse&page=Albania&format=json
2019-03-29 13:25:41,928 __main__     INFO 200 - GET https://wikitravel.org/wiki/en/api.php?action=parse&page=Algeria&format=json
2019-03-29 13:25:42,227 __main__     INFO 200 - GET https://wikitravel.org/wiki/en/api.php?action=parse&page=Andorra&format=json
2019-03-29 13:25:42,532 __main__     INFO 200 - GET https://wikitravel.org/wiki/en/api.php?action=parse&page=Angola&format=json
2019-03-29 13:25:42,808 __main__     INFO 200 - GET https://wikitravel.org/wiki/en/api.php?action=parse&page=Antigua+%26+Deps&format=json
2019-03-29 13:25:42,809 __main__     WARNING Error fetching Antigua & Deps: missingtitle
2019-03-29 13:25:43,126 __main__     INFO 200 - GET https://wikitravel.org/wiki/en/api.php?action=parse&page=Argentina&format=json
2019-03-29 13:25:43,450 __main__     INFO 200 - GET https://wikitravel.org/wiki/en/api.php?action=parse&page=Armenia&format=json
2019-03-29 13:25:43,834 __main__     INFO 200 - GET https://wikitravel.org/wiki/en/api.php?action=parse&page=Australia&format=json
2019-03-29 13:25:44,184 __main__     INFO 200 - GET https://wikitravel.org/wiki/en/api.php?action=parse&page=Austria&format=json
2019-03-29 13:25:44,495 __main__     INFO 200 - GET https://wikitravel.org/wiki/en/api.php?action=parse&page=Azerbaijan&format=json
2019-03-29 13:25:44,805 __main__     INFO 200 - GET https://wikitravel.org/wiki/en/api.php?action=parse&page=Bahamas&format=json
2019-03-29 13:25:45,109 __main__     INFO 200 - GET https://wikitravel.org/wiki/en/api.php?action=parse&page=Bahrain&format=json
2019-03-29 13:25:45,427 __main__     INFO 200 - GET https://wikitravel.org/wiki/en/api.php?action=parse&page=Bangladesh&format=json
2019-03-29 13:25:45,741 __main__     INFO 200 - GET https://wikitravel.org/wiki/en/api.php?action=parse&page=Barbados&format=json
2019-03-29 13:25:46,048 __main__     INFO 200 - GET https://wikitravel.org/wiki/en/api.php?action=parse&page=Belarus&format=json
2019-03-29 13:25:46,375 __main__     INFO 200 - GET https://wikitravel.org/wiki/en/api.php?action=parse&page=Belgium&format=json
2019-03-29 13:25:46,681 __main__     INFO 200 - GET https://wikitravel.org/wiki/en/api.php?action=parse&page=Belize&format=json
2019-03-29 13:25:46,990 __main__     INFO 200 - GET https://wikitravel.org/wiki/en/api.php?action=parse&page=Benin&format=json
2019-03-29 13:25:47,330 __main__     INFO 200 - GET https://wikitravel.org/wiki/en/api.php?action=parse&page=Bhutan&format=json
2019-03-29 13:25:47,628 __main__     INFO 200 - GET https://wikitravel.org/wiki/en/api.php?action=parse&page=Bolivia&format=json
2019-03-29 13:25:47,897 __main__     INFO 200 - GET https://wikitravel.org/wiki/en/api.php?action=parse&page=Bosnia+Herzegovina&format=json
2019-03-29 13:25:47,898 __main__     WARNING Error fetching Bosnia Herzegovina: missingtitle
2019-03-29 13:25:48,193 __main__     INFO 200 - GET https://wikitravel.org/wiki/en/api.php?action=parse&page=Botswana&format=json
2019-03-29 13:25:48,534 __main__     INFO 200 - GET https://wikitravel.org/wiki/en/api.php?action=parse&page=Brazil&format=json
2019-03-29 13:25:48,850 __main__     INFO 200 - GET https://wikitravel.org/wiki/en/api.php?action=parse&page=Brunei&format=json
2019-03-29 13:25:49,160 __main__     INFO 200 - GET https://wikitravel.org/wiki/en/api.php?action=parse&page=Bulgaria&format=json
2019-03-29 13:25:49,439 __main__     INFO 200 - GET https://wikitravel.org/wiki/en/api.php?action=parse&page=Burkina&format=json
2019-03-29 13:25:49,439 __main__     WARNING Error fetching Burkina: missingtitle
2019-03-29 13:25:49,734 __main__     INFO 200 - GET https://wikitravel.org/wiki/en/api.php?action=parse&page=Burundi&format=json
2019-03-29 13:25:50,047 __main__     INFO 200 - GET https://wikitravel.org/wiki/en/api.php?action=parse&page=Cambodia&format=json
2019-03-29 13:25:50,326 __main__     INFO 200 - GET https://wikitravel.org/wiki/en/api.php?action=parse&page=Cameroon&format=json
2019-03-29 13:25:50,666 __main__     INFO 200 - GET https://wikitravel.org/wiki/en/api.php?action=parse&page=Canada&format=json
2019-03-29 13:25:50,969 __main__     INFO 200 - GET https://wikitravel.org/wiki/en/api.php?action=parse&page=Cape+Verde&format=json
2019-03-29 13:25:51,230 __main__     INFO 200 - GET https://wikitravel.org/wiki/en/api.php?action=parse&page=Central+African+Rep&format=json
2019-03-29 13:25:51,231 __main__     WARNING Error fetching Central African Rep: missingtitle
2019-03-29 13:25:51,534 __main__     INFO 200 - GET https://wikitravel.org/wiki/en/api.php?action=parse&page=Chad&format=json
2019-03-29 13:25:51,842 __main__     INFO 200 - GET https://wikitravel.org/wiki/en/api.php?action=parse&page=Chile&format=json
2019-03-29 13:25:52,200 __main__     INFO 200 - GET https://wikitravel.org/wiki/en/api.php?action=parse&page=China&format=json
2019-03-29 13:25:52,540 __main__     INFO 200 - GET https://wikitravel.org/wiki/en/api.php?action=parse&page=Colombia&format=json
2019-03-29 13:25:52,855 __main__     INFO 200 - GET https://wikitravel.org/wiki/en/api.php?action=parse&page=Comoros&format=json
2019-03-29 13:25:53,141 __main__     INFO 200 - GET https://wikitravel.org/wiki/en/api.php?action=parse&page=Congo&format=json
2019-03-29 13:25:53,399 __main__     INFO 200 - GET https://wikitravel.org/wiki/en/api.php?action=parse&page=Congo+%7BDemocratic+Rep%7D&format=json
2019-03-29 13:25:53,400 __main__     WARNING Error fetching Congo {Democratic Rep}: invalidtitle
2019-03-29 13:25:53,719 __main__     INFO 200 - GET https://wikitravel.org/wiki/en/api.php?action=parse&page=Costa+Rica&format=json
2019-03-29 13:25:54,045 __main__     INFO 200 - GET https://wikitravel.org/wiki/en/api.php?action=parse&page=Croatia&format=json
2019-03-29 13:25:54,398 __main__     INFO 200 - GET https://wikitravel.org/wiki/en/api.php?action=parse&page=Cuba&format=json
2019-03-29 13:25:54,698 __main__     INFO 200 - GET https://wikitravel.org/wiki/en/api.php?action=parse&page=Cyprus&format=json
2019-03-29 13:25:55,030 __main__     INFO 200 - GET https://wikitravel.org/wiki/en/api.php?action=parse&page=Czech+Republic&format=json
2019-03-29 13:25:55,349 __main__     INFO 200 - GET https://wikitravel.org/wiki/en/api.php?action=parse&page=Denmark&format=json
2019-03-29 13:25:55,633 __main__     INFO 200 - GET https://wikitravel.org/wiki/en/api.php?action=parse&page=Djibouti&format=json
2019-03-29 13:25:55,945 __main__     INFO 200 - GET https://wikitravel.org/wiki/en/api.php?action=parse&page=Dominica&format=json
2019-03-29 13:25:56,224 __main__     INFO 200 - GET https://wikitravel.org/wiki/en/api.php?action=parse&page=Dominican+Republic&format=json
2019-03-29 13:25:56,544 __main__     INFO 200 - GET https://wikitravel.org/wiki/en/api.php?action=parse&page=East+Timor&format=json
