2019-03-29 13:36:09,261 __main__     INFO Crawler created
2019-03-29 13:36:09,261 __main__     INFO Created directory ../wikitravel/data
2019-03-29 13:38:46,404 __main__     INFO Crawler created
2019-03-29 13:38:46,735 __main__     INFO 200 - GET https://wikitravel.org/wiki/en/api.php?action=parse&page=Afghanistan&format=json
2019-03-29 13:39:09,428 __main__     INFO Crawler created
2019-03-29 13:39:18,008 __main__     INFO Crawler created
2019-03-29 13:39:57,397 __main__     INFO Crawler created
2019-03-29 13:40:16,036 __main__     INFO Crawler created
2019-03-29 13:40:16,349 __main__     INFO 200 - GET https://wikitravel.org/wiki/en/api.php?action=parse&page=Afghanistan&format=json
2019-03-29 13:40:50,106 __main__     INFO Crawler created
2019-03-29 13:40:50,416 __main__     INFO 200 - GET https://wikitravel.org/wiki/en/api.php?action=parse&page=Afghanistan&format=json
2019-03-29 13:40:50,723 __main__     INFO 200 - GET https://wikitravel.org/wiki/en/api.php?action=parse&page=Albania&format=json
2019-03-29 13:40:51,041 __main__     INFO 200 - GET https://wikitravel.org/wiki/en/api.php?action=parse&page=Algeria&format=json
2019-03-29 13:40:51,347 __main__     INFO 200 - GET https://wikitravel.org/wiki/en/api.php?action=parse&page=Andorra&format=json
2019-03-29 13:40:51,813 __main__     INFO 200 - GET https://wikitravel.org/wiki/en/api.php?action=parse&page=Angola&format=json
2019-03-29 13:40:52,079 __main__     INFO 200 - GET https://wikitravel.org/wiki/en/api.php?action=parse&page=Antigua+%26+Deps&format=json
2019-03-29 13:40:52,080 __main__     WARNING Error fetching Antigua & Deps: missingtitle
2019-03-29 13:40:52,395 __main__     INFO 200 - GET https://wikitravel.org/wiki/en/api.php?action=parse&page=Argentina&format=json
2019-03-29 13:40:55,640 __main__     INFO 200 - GET https://wikitravel.org/wiki/en/api.php?action=parse&page=Armenia&format=json
2019-03-29 13:40:56,701 __main__     INFO 200 - GET https://wikitravel.org/wiki/en/api.php?action=parse&page=Australia&format=json
2019-03-29 13:40:57,217 __main__     INFO 200 - GET https://wikitravel.org/wiki/en/api.php?action=parse&page=Austria&format=json
2019-03-29 13:41:52,049 __main__     INFO Crawler created
2019-03-29 13:41:52,050 __main__     INFO Using ../wikitravel/data as data directory
2019-03-29 13:41:52,349 __main__     INFO 200 - GET https://wikitravel.org/wiki/en/api.php?action=parse&page=Afghanistan&format=json
2019-03-29 13:41:52,814 __main__     INFO 200 - GET https://wikitravel.org/wiki/en/api.php?action=parse&page=Albania&format=json
2019-03-29 13:41:53,117 __main__     INFO 200 - GET https://wikitravel.org/wiki/en/api.php?action=parse&page=Algeria&format=json
2019-03-29 13:41:53,399 __main__     INFO 200 - GET https://wikitravel.org/wiki/en/api.php?action=parse&page=Andorra&format=json
2019-03-29 13:41:53,716 __main__     INFO 200 - GET https://wikitravel.org/wiki/en/api.php?action=parse&page=Angola&format=json
2019-03-29 13:41:53,975 __main__     INFO 200 - GET https://wikitravel.org/wiki/en/api.php?action=parse&page=Antigua+%26+Deps&format=json
2019-03-29 13:41:53,975 __main__     WARNING Error fetching Antigua & Deps: missingtitle
2019-03-29 13:41:54,445 __main__     INFO 200 - GET https://wikitravel.org/wiki/en/api.php?action=parse&page=Argentina&format=json
2019-03-29 13:41:54,755 __main__     INFO 200 - GET https://wikitravel.org/wiki/en/api.php?action=parse&page=Armenia&format=json
2019-03-29 13:41:55,309 __main__     INFO 200 - GET https://wikitravel.org/wiki/en/api.php?action=parse&page=Australia&format=json
2019-03-29 13:41:55,638 __main__     INFO 200 - GET https://wikitravel.org/wiki/en/api.php?action=parse&page=Austria&format=json
2019-03-29 13:42:54,612 __main__     INFO Crawler created
2019-03-29 13:42:54,613 __main__     INFO Using ../wikitravel/data as data directory
2019-03-29 13:42:54,932 __main__     INFO 200 - GET https://wikitravel.org/wiki/en/api.php?action=parse&page=Afghanistan&format=json
2019-03-29 13:42:54,936 __main__     INFO Save file ../wikitravel/data/Afghanistan.json
2019-03-29 13:42:55,219 __main__     INFO 200 - GET https://wikitravel.org/wiki/en/api.php?action=parse&page=Albania&format=json
2019-03-29 13:42:55,228 __main__     INFO Save file ../wikitravel/data/Albania.json
2019-03-29 13:42:55,878 __main__     INFO 200 - GET https://wikitravel.org/wiki/en/api.php?action=parse&page=Algeria&format=json
2019-03-29 13:42:55,885 __main__     INFO Save file ../wikitravel/data/Algeria.json
2019-03-29 13:42:56,167 __main__     INFO 200 - GET https://wikitravel.org/wiki/en/api.php?action=parse&page=Andorra&format=json
2019-03-29 13:42:56,171 __main__     INFO Save file ../wikitravel/data/Andorra.json
2019-03-29 13:42:56,480 __main__     INFO 200 - GET https://wikitravel.org/wiki/en/api.php?action=parse&page=Angola&format=json
2019-03-29 13:42:56,485 __main__     INFO Save file ../wikitravel/data/Angola.json
2019-03-29 13:42:56,749 __main__     INFO 200 - GET https://wikitravel.org/wiki/en/api.php?action=parse&page=Antigua+%26+Deps&format=json
2019-03-29 13:42:56,750 __main__     WARNING Error fetching Antigua & Deps: missingtitle
2019-03-29 13:42:57,082 __main__     INFO 200 - GET https://wikitravel.org/wiki/en/api.php?action=parse&page=Argentina&format=json
2019-03-29 13:42:57,087 __main__     INFO Save file ../wikitravel/data/Argentina.json
2019-03-29 13:42:57,373 __main__     INFO 200 - GET https://wikitravel.org/wiki/en/api.php?action=parse&page=Armenia&format=json
2019-03-29 13:42:57,377 __main__     INFO Save file ../wikitravel/data/Armenia.json
2019-03-29 13:42:57,957 __main__     INFO 200 - GET https://wikitravel.org/wiki/en/api.php?action=parse&page=Australia&format=json
2019-03-29 13:42:57,968 __main__     INFO Save file ../wikitravel/data/Australia.json
2019-03-29 13:42:58,309 __main__     INFO 200 - GET https://wikitravel.org/wiki/en/api.php?action=parse&page=Austria&format=json
2019-03-29 13:42:58,314 __main__     INFO Save file ../wikitravel/data/Austria.json
2019-03-29 13:43:55,341 __main__     INFO Crawler created
2019-03-29 13:43:55,342 __main__     INFO Created directory data
2019-03-29 13:43:55,342 __main__     INFO Using data as data directory
2019-03-29 13:43:55,672 __main__     INFO 200 - GET https://wikitravel.org/wiki/en/api.php?action=parse&page=Afghanistan&format=json
2019-03-29 13:43:55,676 __main__     INFO Save file data/Afghanistan.json
2019-03-29 13:43:55,999 __main__     INFO 200 - GET https://wikitravel.org/wiki/en/api.php?action=parse&page=Albania&format=json
2019-03-29 13:43:56,007 __main__     INFO Save file data/Albania.json
2019-03-29 13:43:56,305 __main__     INFO 200 - GET https://wikitravel.org/wiki/en/api.php?action=parse&page=Algeria&format=json
2019-03-29 13:43:56,310 __main__     INFO Save file data/Algeria.json
2019-03-29 13:43:56,608 __main__     INFO 200 - GET https://wikitravel.org/wiki/en/api.php?action=parse&page=Andorra&format=json
2019-03-29 13:43:56,611 __main__     INFO Save file data/Andorra.json
2019-03-29 13:43:56,920 __main__     INFO 200 - GET https://wikitravel.org/wiki/en/api.php?action=parse&page=Angola&format=json
2019-03-29 13:43:56,925 __main__     INFO Save file data/Angola.json
2019-03-29 13:43:57,180 __main__     INFO 200 - GET https://wikitravel.org/wiki/en/api.php?action=parse&page=Antigua+%26+Deps&format=json
2019-03-29 13:43:57,181 __main__     WARNING Error fetching Antigua & Deps: missingtitle
2019-03-29 13:43:57,499 __main__     INFO 200 - GET https://wikitravel.org/wiki/en/api.php?action=parse&page=Argentina&format=json
2019-03-29 13:43:57,507 __main__     INFO Save file data/Argentina.json
2019-03-29 13:43:57,825 __main__     INFO 200 - GET https://wikitravel.org/wiki/en/api.php?action=parse&page=Armenia&format=json
2019-03-29 13:43:57,832 __main__     INFO Save file data/Armenia.json
2019-03-29 13:43:58,175 __main__     INFO 200 - GET https://wikitravel.org/wiki/en/api.php?action=parse&page=Australia&format=json
2019-03-29 13:43:58,190 __main__     INFO Save file data/Australia.json
2019-03-29 13:43:58,511 __main__     INFO 200 - GET https://wikitravel.org/wiki/en/api.php?action=parse&page=Austria&format=json
2019-03-29 13:43:58,517 __main__     INFO Save file data/Austria.json
2019-03-29 13:44:36,005 __main__     INFO Crawler created
2019-03-29 13:44:36,005 __main__     INFO Using data as data directory
2019-03-29 13:44:36,317 __main__     INFO 200 - GET https://wikitravel.org/wiki/en/api.php?action=parse&page=Afghanistan&format=json
2019-03-29 13:44:36,320 __main__     INFO Save file data/Afghanistan.json
2019-03-29 13:44:36,612 __main__     INFO 200 - GET https://wikitravel.org/wiki/en/api.php?action=parse&page=Albania&format=json
2019-03-29 13:44:36,614 __main__     INFO Save file data/Albania.json
2019-03-29 13:44:36,930 __main__     INFO 200 - GET https://wikitravel.org/wiki/en/api.php?action=parse&page=Algeria&format=json
2019-03-29 13:44:36,932 __main__     INFO Save file data/Algeria.json
2019-03-29 13:44:37,220 __main__     INFO 200 - GET https://wikitravel.org/wiki/en/api.php?action=parse&page=Andorra&format=json
2019-03-29 13:44:37,223 __main__     INFO Save file data/Andorra.json
2019-03-29 13:44:37,868 __main__     INFO 200 - GET https://wikitravel.org/wiki/en/api.php?action=parse&page=Angola&format=json
2019-03-29 13:44:37,873 __main__     INFO Save file data/Angola.json
2019-03-29 13:44:38,137 __main__     INFO 200 - GET https://wikitravel.org/wiki/en/api.php?action=parse&page=Antigua+%26+Deps&format=json
2019-03-29 13:44:38,138 __main__     WARNING Error fetching Antigua & Deps: missingtitle
2019-03-29 13:44:38,469 __main__     INFO 200 - GET https://wikitravel.org/wiki/en/api.php?action=parse&page=Argentina&format=json
2019-03-29 13:44:38,472 __main__     INFO Save file data/Argentina.json
2019-03-29 13:44:38,761 __main__     INFO 200 - GET https://wikitravel.org/wiki/en/api.php?action=parse&page=Armenia&format=json
2019-03-29 13:44:38,764 __main__     INFO Save file data/Armenia.json
2019-03-29 13:44:39,162 __main__     INFO 200 - GET https://wikitravel.org/wiki/en/api.php?action=parse&page=Australia&format=json
2019-03-29 13:44:39,166 __main__     INFO Save file data/Australia.json
2019-03-29 13:44:39,507 __main__     INFO 200 - GET https://wikitravel.org/wiki/en/api.php?action=parse&page=Austria&format=json
2019-03-29 13:44:39,510 __main__     INFO Save file data/Austria.json
2019-03-29 13:44:56,809 __main__     INFO Crawler created
2019-03-29 13:44:56,809 __main__     INFO Using data as data directory
2019-03-29 13:44:57,117 __main__     INFO 200 - GET https://wikitravel.org/wiki/en/api.php?action=parse&page=Afghanistan&format=json
2019-03-29 13:44:57,428 __main__     INFO 200 - GET https://wikitravel.org/wiki/en/api.php?action=parse&page=Albania&format=json
2019-03-29 13:44:57,755 __main__     INFO 200 - GET https://wikitravel.org/wiki/en/api.php?action=parse&page=Algeria&format=json
2019-03-29 13:44:58,064 __main__     INFO 200 - GET https://wikitravel.org/wiki/en/api.php?action=parse&page=Andorra&format=json
2019-03-29 13:44:58,378 __main__     INFO 200 - GET https://wikitravel.org/wiki/en/api.php?action=parse&page=Angola&format=json
2019-03-29 13:44:58,641 __main__     INFO 200 - GET https://wikitravel.org/wiki/en/api.php?action=parse&page=Antigua+%26+Deps&format=json
2019-03-29 13:44:58,642 __main__     WARNING Error fetching Antigua & Deps: missingtitle
2019-03-29 13:44:58,977 __main__     INFO 200 - GET https://wikitravel.org/wiki/en/api.php?action=parse&page=Argentina&format=json
2019-03-29 13:44:59,291 __main__     INFO 200 - GET https://wikitravel.org/wiki/en/api.php?action=parse&page=Armenia&format=json
2019-03-29 13:44:59,682 __main__     INFO 200 - GET https://wikitravel.org/wiki/en/api.php?action=parse&page=Australia&format=json
2019-03-29 13:45:00,028 __main__     INFO 200 - GET https://wikitravel.org/wiki/en/api.php?action=parse&page=Austria&format=json
2019-03-29 14:00:31,646 __main__     INFO Crawler created
2019-03-29 14:00:31,646 __main__     INFO Using data as data directory
2019-03-29 14:00:31,921 __main__     INFO 200 - GET https://wikitravel.org/wiki/en/api.php?action=parse&page=Afghanistan&format=json&prop=wikitext
2019-03-29 14:00:32,191 __main__     INFO 200 - GET https://wikitravel.org/wiki/en/api.php?action=parse&page=Albania&format=json&prop=wikitext
2019-03-29 14:00:32,474 __main__     INFO 200 - GET https://wikitravel.org/wiki/en/api.php?action=parse&page=Algeria&format=json&prop=wikitext
2019-03-29 14:00:32,736 __main__     INFO 200 - GET https://wikitravel.org/wiki/en/api.php?action=parse&page=Andorra&format=json&prop=wikitext
2019-03-29 14:00:32,999 __main__     INFO 200 - GET https://wikitravel.org/wiki/en/api.php?action=parse&page=Angola&format=json&prop=wikitext
2019-03-29 14:00:33,257 __main__     INFO 200 - GET https://wikitravel.org/wiki/en/api.php?action=parse&page=Antigua+%26+Deps&format=json&prop=wikitext
2019-03-29 14:00:33,258 __main__     WARNING Error fetching Antigua & Deps: missingtitle
2019-03-29 14:00:33,544 __main__     INFO 200 - GET https://wikitravel.org/wiki/en/api.php?action=parse&page=Argentina&format=json&prop=wikitext
2019-03-29 14:00:33,826 __main__     INFO 200 - GET https://wikitravel.org/wiki/en/api.php?action=parse&page=Armenia&format=json&prop=wikitext
2019-03-29 14:00:34,276 __main__     INFO 200 - GET https://wikitravel.org/wiki/en/api.php?action=parse&page=Australia&format=json&prop=wikitext
2019-03-29 14:00:34,549 __main__     INFO 200 - GET https://wikitravel.org/wiki/en/api.php?action=parse&page=Austria&format=json&prop=wikitext
