2019-03-29 14:20:34,087 __main__     INFO Crawler created
2019-03-29 14:20:34,088 __main__     INFO Using data as data directory
2019-03-29 14:20:34,359 __main__     INFO 200 - GET https://wikitravel.org/wiki/en/api.php?action=parse&page=Afghanistan&format=json&prop=wikitext
2019-03-29 14:20:34,625 __main__     INFO 200 - GET https://wikitravel.org/wiki/en/api.php?action=parse&page=Albania&format=json&prop=wikitext
2019-03-29 14:20:34,909 __main__     INFO 200 - GET https://wikitravel.org/wiki/en/api.php?action=parse&page=Algeria&format=json&prop=wikitext
2019-03-29 14:20:35,186 __main__     INFO 200 - GET https://wikitravel.org/wiki/en/api.php?action=parse&page=Andorra&format=json&prop=wikitext
2019-03-29 14:20:35,451 __main__     INFO 200 - GET https://wikitravel.org/wiki/en/api.php?action=parse&page=Angola&format=json&prop=wikitext
2019-03-29 14:20:35,708 __main__     INFO 200 - GET https://wikitravel.org/wiki/en/api.php?action=parse&page=Antigua+%26+Deps&format=json&prop=wikitext
2019-03-29 14:20:35,709 __main__     WARNING Error fetching Antigua & Deps: missingtitle
2019-03-29 14:20:35,989 __main__     INFO 200 - GET https://wikitravel.org/wiki/en/api.php?action=parse&page=Argentina&format=json&prop=wikitext
2019-03-29 14:20:36,264 __main__     INFO 200 - GET https://wikitravel.org/wiki/en/api.php?action=parse&page=Armenia&format=json&prop=wikitext
2019-03-29 14:20:36,719 __main__     INFO 200 - GET https://wikitravel.org/wiki/en/api.php?action=parse&page=Australia&format=json&prop=wikitext
2019-03-29 14:20:37,168 __main__     INFO 200 - GET https://wikitravel.org/wiki/en/api.php?action=parse&page=Austria&format=json&prop=wikitext
2019-03-29 14:20:37,442 __main__     INFO 200 - GET https://wikitravel.org/wiki/en/api.php?action=parse&page=Azerbaijan&format=json&prop=wikitext
2019-03-29 14:20:37,701 __main__     INFO 200 - GET https://wikitravel.org/wiki/en/api.php?action=parse&page=Bahamas&format=json&prop=wikitext
2019-03-29 14:20:37,982 __main__     INFO 200 - GET https://wikitravel.org/wiki/en/api.php?action=parse&page=Bahrain&format=json&prop=wikitext
2019-03-29 14:20:38,263 __main__     INFO 200 - GET https://wikitravel.org/wiki/en/api.php?action=parse&page=Bangladesh&format=json&prop=wikitext
2019-03-29 14:20:38,528 __main__     INFO 200 - GET https://wikitravel.org/wiki/en/api.php?action=parse&page=Barbados&format=json&prop=wikitext
2019-03-29 14:20:38,788 __main__     INFO 200 - GET https://wikitravel.org/wiki/en/api.php?action=parse&page=Belarus&format=json&prop=wikitext
2019-03-29 14:20:39,073 __main__     INFO 200 - GET https://wikitravel.org/wiki/en/api.php?action=parse&page=Belgium&format=json&prop=wikitext
2019-03-29 14:20:39,341 __main__     INFO 200 - GET https://wikitravel.org/wiki/en/api.php?action=parse&page=Belize&format=json&prop=wikitext
2019-03-29 14:20:39,604 __main__     INFO 200 - GET https://wikitravel.org/wiki/en/api.php?action=parse&page=Benin&format=json&prop=wikitext
2019-03-29 14:20:39,876 __main__     INFO 200 - GET https://wikitravel.org/wiki/en/api.php?action=parse&page=Bhutan&format=json&prop=wikitext
2019-03-29 14:20:40,161 __main__     INFO 200 - GET https://wikitravel.org/wiki/en/api.php?action=parse&page=Bolivia&format=json&prop=wikitext
2019-03-29 14:20:40,418 __main__     INFO 200 - GET https://wikitravel.org/wiki/en/api.php?action=parse&page=Bosnia+Herzegovina&format=json&prop=wikitext
2019-03-29 14:20:40,419 __main__     WARNING Error fetching Bosnia Herzegovina: missingtitle
2019-03-29 14:20:40,689 __main__     INFO 200 - GET https://wikitravel.org/wiki/en/api.php?action=parse&page=Botswana&format=json&prop=wikitext
2019-03-29 14:20:40,971 __main__     INFO 200 - GET https://wikitravel.org/wiki/en/api.php?action=parse&page=Brazil&format=json&prop=wikitext
2019-03-29 14:20:41,232 __main__     INFO 200 - GET https://wikitravel.org/wiki/en/api.php?action=parse&page=Brunei&format=json&prop=wikitext
2019-03-29 14:20:41,502 __main__     INFO 200 - GET https://wikitravel.org/wiki/en/api.php?action=parse&page=Bulgaria&format=json&prop=wikitext
2019-03-29 14:20:41,761 __main__     INFO 200 - GET https://wikitravel.org/wiki/en/api.php?action=parse&page=Burkina&format=json&prop=wikitext
2019-03-29 14:20:41,762 __main__     WARNING Error fetching Burkina: missingtitle
2019-03-29 14:20:42,026 __main__     INFO 200 - GET https://wikitravel.org/wiki/en/api.php?action=parse&page=Burundi&format=json&prop=wikitext
2019-03-29 14:20:42,298 __main__     INFO 200 - GET https://wikitravel.org/wiki/en/api.php?action=parse&page=Cambodia&format=json&prop=wikitext
2019-03-29 14:20:42,574 __main__     INFO 200 - GET https://wikitravel.org/wiki/en/api.php?action=parse&page=Cameroon&format=json&prop=wikitext
2019-03-29 14:20:42,867 __main__     INFO 200 - GET https://wikitravel.org/wiki/en/api.php?action=parse&page=Canada&format=json&prop=wikitext
2019-03-29 14:20:43,136 __main__     INFO 200 - GET https://wikitravel.org/wiki/en/api.php?action=parse&page=Cape+Verde&format=json&prop=wikitext
2019-03-29 14:20:43,383 __main__     INFO 200 - GET https://wikitravel.org/wiki/en/api.php?action=parse&page=Central+African+Rep&format=json&prop=wikitext
2019-03-29 14:20:43,384 __main__     WARNING Error fetching Central African Rep: missingtitle
2019-03-29 14:20:43,647 __main__     INFO 200 - GET https://wikitravel.org/wiki/en/api.php?action=parse&page=Chad&format=json&prop=wikitext
2019-03-29 14:20:43,962 __main__     INFO 200 - GET https://wikitravel.org/wiki/en/api.php?action=parse&page=Chile&format=json&prop=wikitext
2019-03-29 14:20:44,267 __main__     INFO 200 - GET https://wikitravel.org/wiki/en/api.php?action=parse&page=China&format=json&prop=wikitext
2019-03-29 14:20:44,547 __main__     INFO 200 - GET https://wikitravel.org/wiki/en/api.php?action=parse&page=Colombia&format=json&prop=wikitext
2019-03-29 14:20:44,813 __main__     INFO 200 - GET https://wikitravel.org/wiki/en/api.php?action=parse&page=Comoros&format=json&prop=wikitext
2019-03-29 14:20:45,116 __main__     INFO 200 - GET https://wikitravel.org/wiki/en/api.php?action=parse&page=Congo&format=json&prop=wikitext
2019-03-29 14:20:45,378 __main__     INFO 200 - GET https://wikitravel.org/wiki/en/api.php?action=parse&page=Congo+Democratic+Rep&format=json&prop=wikitext
2019-03-29 14:20:45,379 __main__     WARNING Error fetching Congo Democratic Rep: missingtitle
2019-03-29 14:20:45,650 __main__     INFO 200 - GET https://wikitravel.org/wiki/en/api.php?action=parse&page=Costa+Rica&format=json&prop=wikitext
2019-03-29 14:20:45,934 __main__     INFO 200 - GET https://wikitravel.org/wiki/en/api.php?action=parse&page=Croatia&format=json&prop=wikitext
2019-03-29 14:20:46,208 __main__     INFO 200 - GET https://wikitravel.org/wiki/en/api.php?action=parse&page=Cuba&format=json&prop=wikitext
2019-03-29 14:20:46,468 __main__     INFO 200 - GET https://wikitravel.org/wiki/en/api.php?action=parse&page=Cyprus&format=json&prop=wikitext
2019-03-29 14:20:46,772 __main__     INFO 200 - GET https://wikitravel.org/wiki/en/api.php?action=parse&page=Czech+Republic&format=json&prop=wikitext
2019-03-29 14:20:47,049 __main__     INFO 200 - GET https://wikitravel.org/wiki/en/api.php?action=parse&page=Denmark&format=json&prop=wikitext
2019-03-29 14:20:47,404 __main__     INFO 200 - GET https://wikitravel.org/wiki/en/api.php?action=parse&page=Djibouti&format=json&prop=wikitext
2019-03-29 14:20:47,683 __main__     INFO 200 - GET https://wikitravel.org/wiki/en/api.php?action=parse&page=Dominica&format=json&prop=wikitext
2019-03-29 14:20:47,957 __main__     INFO 200 - GET https://wikitravel.org/wiki/en/api.php?action=parse&page=Dominican+Republic&format=json&prop=wikitext
2019-03-29 14:20:48,225 __main__     INFO 200 - GET https://wikitravel.org/wiki/en/api.php?action=parse&page=East+Timor&format=json&prop=wikitext
2019-03-29 14:20:48,492 __main__     INFO 200 - GET https://wikitravel.org/wiki/en/api.php?action=parse&page=Ecuador&format=json&prop=wikitext
2019-03-29 14:20:48,765 __main__     INFO 200 - GET https://wikitravel.org/wiki/en/api.php?action=parse&page=Egypt&format=json&prop=wikitext
2019-03-29 14:20:49,039 __main__     INFO 200 - GET https://wikitravel.org/wiki/en/api.php?action=parse&page=El+Salvador&format=json&prop=wikitext
2019-03-29 14:20:49,303 __main__     INFO 200 - GET https://wikitravel.org/wiki/en/api.php?action=parse&page=Equatorial+Guinea&format=json&prop=wikitext
2019-03-29 14:20:49,570 __main__     INFO 200 - GET https://wikitravel.org/wiki/en/api.php?action=parse&page=Eritrea&format=json&prop=wikitext
2019-03-29 14:20:49,846 __main__     INFO 200 - GET https://wikitravel.org/wiki/en/api.php?action=parse&page=Estonia&format=json&prop=wikitext
2019-03-29 14:20:50,119 __main__     INFO 200 - GET https://wikitravel.org/wiki/en/api.php?action=parse&page=Ethiopia&format=json&prop=wikitext
2019-03-29 14:20:50,391 __main__     INFO 200 - GET https://wikitravel.org/wiki/en/api.php?action=parse&page=Fiji&format=json&prop=wikitext
2019-03-29 14:20:50,667 __main__     INFO 200 - GET https://wikitravel.org/wiki/en/api.php?action=parse&page=Finland&format=json&prop=wikitext
2019-03-29 14:20:50,964 __main__     INFO 200 - GET https://wikitravel.org/wiki/en/api.php?action=parse&page=France&format=json&prop=wikitext
2019-03-29 14:20:51,222 __main__     INFO 200 - GET https://wikitravel.org/wiki/en/api.php?action=parse&page=Gabon&format=json&prop=wikitext
2019-03-29 14:20:51,499 __main__     INFO 200 - GET https://wikitravel.org/wiki/en/api.php?action=parse&page=Gambia&format=json&prop=wikitext
2019-03-29 14:20:51,764 __main__     INFO 200 - GET https://wikitravel.org/wiki/en/api.php?action=parse&page=Georgia&format=json&prop=wikitext
2019-03-29 14:20:52,052 __main__     INFO 200 - GET https://wikitravel.org/wiki/en/api.php?action=parse&page=Germany&format=json&prop=wikitext
2019-03-29 14:20:52,322 __main__     INFO 200 - GET https://wikitravel.org/wiki/en/api.php?action=parse&page=Ghana&format=json&prop=wikitext
2019-03-29 14:20:52,596 __main__     INFO 200 - GET https://wikitravel.org/wiki/en/api.php?action=parse&page=Greece&format=json&prop=wikitext
2019-03-29 14:20:52,862 __main__     INFO 200 - GET https://wikitravel.org/wiki/en/api.php?action=parse&page=Grenada&format=json&prop=wikitext
2019-03-29 14:20:53,129 __main__     INFO 200 - GET https://wikitravel.org/wiki/en/api.php?action=parse&page=Guatemala&format=json&prop=wikitext
2019-03-29 14:20:53,410 __main__     INFO 200 - GET https://wikitravel.org/wiki/en/api.php?action=parse&page=Guinea&format=json&prop=wikitext
2019-03-29 14:20:53,675 __main__     INFO 200 - GET https://wikitravel.org/wiki/en/api.php?action=parse&page=Guinea-Bissau&format=json&prop=wikitext
2019-03-29 14:20:53,946 __main__     INFO 200 - GET https://wikitravel.org/wiki/en/api.php?action=parse&page=Guyana&format=json&prop=wikitext
2019-03-29 14:20:54,219 __main__     INFO 200 - GET https://wikitravel.org/wiki/en/api.php?action=parse&page=Haiti&format=json&prop=wikitext
2019-03-29 14:20:54,492 __main__     INFO 200 - GET https://wikitravel.org/wiki/en/api.php?action=parse&page=Honduras&format=json&prop=wikitext
2019-03-29 14:20:54,758 __main__     INFO 200 - GET https://wikitravel.org/wiki/en/api.php?action=parse&page=Hungary&format=json&prop=wikitext
2019-03-29 14:20:55,019 __main__     INFO 200 - GET https://wikitravel.org/wiki/en/api.php?action=parse&page=Iceland&format=json&prop=wikitext
2019-03-29 14:20:55,311 __main__     INFO 200 - GET https://wikitravel.org/wiki/en/api.php?action=parse&page=India&format=json&prop=wikitext
2019-03-29 14:20:55,585 __main__     INFO 200 - GET https://wikitravel.org/wiki/en/api.php?action=parse&page=Indonesia&format=json&prop=wikitext
2019-03-29 14:20:55,872 __main__     INFO 200 - GET https://wikitravel.org/wiki/en/api.php?action=parse&page=Iran&format=json&prop=wikitext
2019-03-29 14:20:56,134 __main__     INFO 200 - GET https://wikitravel.org/wiki/en/api.php?action=parse&page=Iraq&format=json&prop=wikitext
2019-03-29 14:20:56,399 __main__     INFO 200 - GET https://wikitravel.org/wiki/en/api.php?action=parse&page=Ireland+Republic&format=json&prop=wikitext
2019-03-29 14:20:56,400 __main__     WARNING Error fetching Ireland Republic: missingtitle
2019-03-29 14:20:56,682 __main__     INFO 200 - GET https://wikitravel.org/wiki/en/api.php?action=parse&page=Israel&format=json&prop=wikitext
2019-03-29 14:20:56,957 __main__     INFO 200 - GET https://wikitravel.org/wiki/en/api.php?action=parse&page=Italy&format=json&prop=wikitext
2019-03-29 14:20:57,240 __main__     INFO 200 - GET https://wikitravel.org/wiki/en/api.php?action=parse&page=Ivory+Coast&format=json&prop=wikitext
2019-03-29 14:20:57,567 __main__     INFO 200 - GET https://wikitravel.org/wiki/en/api.php?action=parse&page=Jamaica&format=json&prop=wikitext
2019-03-29 14:20:57,855 __main__     INFO 200 - GET https://wikitravel.org/wiki/en/api.php?action=parse&page=Japan&format=json&prop=wikitext
2019-03-29 14:20:58,131 __main__     INFO 200 - GET https://wikitravel.org/wiki/en/api.php?action=parse&page=Jordan&format=json&prop=wikitext
2019-03-29 14:20:58,415 __main__     INFO 200 - GET https://wikitravel.org/wiki/en/api.php?action=parse&page=Kazakhstan&format=json&prop=wikitext
2019-03-29 14:20:58,693 __main__     INFO 200 - GET https://wikitravel.org/wiki/en/api.php?action=parse&page=Kenya&format=json&prop=wikitext
2019-03-29 14:20:59,127 __main__     INFO 200 - GET https://wikitravel.org/wiki/en/api.php?action=parse&page=Kiribati&format=json&prop=wikitext
2019-03-29 14:20:59,386 __main__     INFO 200 - GET https://wikitravel.org/wiki/en/api.php?action=parse&page=Korea+North&format=json&prop=wikitext
2019-03-29 14:20:59,387 __main__     WARNING Error fetching Korea North: missingtitle
2019-03-29 14:20:59,645 __main__     INFO 200 - GET https://wikitravel.org/wiki/en/api.php?action=parse&page=Korea+South&format=json&prop=wikitext
2019-03-29 14:20:59,645 __main__     WARNING Error fetching Korea South: missingtitle
2019-03-29 14:20:59,940 __main__     INFO 200 - GET https://wikitravel.org/wiki/en/api.php?action=parse&page=Kosovo&format=json&prop=wikitext
2019-03-29 14:21:00,230 __main__     INFO 200 - GET https://wikitravel.org/wiki/en/api.php?action=parse&page=Kuwait&format=json&prop=wikitext
2019-03-29 14:21:00,497 __main__     INFO 200 - GET https://wikitravel.org/wiki/en/api.php?action=parse&page=Kyrgyzstan&format=json&prop=wikitext
2019-03-29 14:21:00,763 __main__     INFO 200 - GET https://wikitravel.org/wiki/en/api.php?action=parse&page=Laos&format=json&prop=wikitext
2019-03-29 14:21:01,035 __main__     INFO 200 - GET https://wikitravel.org/wiki/en/api.php?action=parse&page=Latvia&format=json&prop=wikitext
2019-03-29 14:21:06,125 __main__     INFO 200 - GET https://wikitravel.org/wiki/en/api.php?action=parse&page=Lebanon&format=json&prop=wikitext
2019-03-29 14:21:06,403 __main__     INFO 200 - GET https://wikitravel.org/wiki/en/api.php?action=parse&page=Lesotho&format=json&prop=wikitext
2019-03-29 14:21:06,677 __main__     INFO 200 - GET https://wikitravel.org/wiki/en/api.php?action=parse&page=Liberia&format=json&prop=wikitext
2019-03-29 14:21:06,948 __main__     INFO 200 - GET https://wikitravel.org/wiki/en/api.php?action=parse&page=Libya&format=json&prop=wikitext
2019-03-29 14:21:07,213 __main__     INFO 200 - GET https://wikitravel.org/wiki/en/api.php?action=parse&page=Liechtenstein&format=json&prop=wikitext
2019-03-29 14:21:07,492 __main__     INFO 200 - GET https://wikitravel.org/wiki/en/api.php?action=parse&page=Lithuania&format=json&prop=wikitext
2019-03-29 14:21:07,774 __main__     INFO 200 - GET https://wikitravel.org/wiki/en/api.php?action=parse&page=Luxembourg&format=json&prop=wikitext
2019-03-29 14:21:08,044 __main__     INFO 200 - GET https://wikitravel.org/wiki/en/api.php?action=parse&page=Macedonia&format=json&prop=wikitext
2019-03-29 14:21:08,312 __main__     INFO 200 - GET https://wikitravel.org/wiki/en/api.php?action=parse&page=Madagascar&format=json&prop=wikitext
2019-03-29 14:21:08,581 __main__     INFO 200 - GET https://wikitravel.org/wiki/en/api.php?action=parse&page=Malawi&format=json&prop=wikitext
2019-03-29 14:21:08,852 __main__     INFO 200 - GET https://wikitravel.org/wiki/en/api.php?action=parse&page=Malaysia&format=json&prop=wikitext
2019-03-29 14:21:09,141 __main__     INFO 200 - GET https://wikitravel.org/wiki/en/api.php?action=parse&page=Maldives&format=json&prop=wikitext
2019-03-29 14:21:09,412 __main__     INFO 200 - GET https://wikitravel.org/wiki/en/api.php?action=parse&page=Mali&format=json&prop=wikitext
2019-03-29 14:21:09,696 __main__     INFO 200 - GET https://wikitravel.org/wiki/en/api.php?action=parse&page=Malta&format=json&prop=wikitext
2019-03-29 14:21:09,985 __main__     INFO 200 - GET https://wikitravel.org/wiki/en/api.php?action=parse&page=Marshall+Islands&format=json&prop=wikitext
2019-03-29 14:21:10,250 __main__     INFO 200 - GET https://wikitravel.org/wiki/en/api.php?action=parse&page=Mauritania&format=json&prop=wikitext
2019-03-29 14:21:10,519 __main__     INFO 200 - GET https://wikitravel.org/wiki/en/api.php?action=parse&page=Mauritius&format=json&prop=wikitext
2019-03-29 14:21:10,812 __main__     INFO 200 - GET https://wikitravel.org/wiki/en/api.php?action=parse&page=Mexico&format=json&prop=wikitext
2019-03-29 14:21:11,092 __main__     INFO 200 - GET https://wikitravel.org/wiki/en/api.php?action=parse&page=Micronesia&format=json&prop=wikitext
2019-03-29 14:21:11,367 __main__     INFO 200 - GET https://wikitravel.org/wiki/en/api.php?action=parse&page=Moldova&format=json&prop=wikitext
2019-03-29 14:21:11,635 __main__     INFO 200 - GET https://wikitravel.org/wiki/en/api.php?action=parse&page=Monaco&format=json&prop=wikitext
2019-03-29 14:21:11,911 __main__     INFO 200 - GET https://wikitravel.org/wiki/en/api.php?action=parse&page=Mongolia&format=json&prop=wikitext
2019-03-29 14:21:12,197 __main__     INFO 200 - GET https://wikitravel.org/wiki/en/api.php?action=parse&page=Montenegro&format=json&prop=wikitext
2019-03-29 14:21:12,467 __main__     INFO 200 - GET https://wikitravel.org/wiki/en/api.php?action=parse&page=Morocco&format=json&prop=wikitext
2019-03-29 14:21:12,724 __main__     INFO 200 - GET https://wikitravel.org/wiki/en/api.php?action=parse&page=Mozambique&format=json&prop=wikitext
2019-03-29 14:21:12,987 __main__     INFO 200 - GET https://wikitravel.org/wiki/en/api.php?action=parse&page=Myanmar%2C+Burma&format=json&prop=wikitext
2019-03-29 14:21:12,988 __main__     WARNING Error fetching Myanmar, Burma: missingtitle
2019-03-29 14:21:13,253 __main__     INFO 200 - GET https://wikitravel.org/wiki/en/api.php?action=parse&page=Namibia&format=json&prop=wikitext
2019-03-29 14:21:13,519 __main__     INFO 200 - GET https://wikitravel.org/wiki/en/api.php?action=parse&page=Nauru&format=json&prop=wikitext
2019-03-29 14:21:13,800 __main__     INFO 200 - GET https://wikitravel.org/wiki/en/api.php?action=parse&page=Nepal&format=json&prop=wikitext
2019-03-29 14:21:14,101 __main__     INFO 200 - GET https://wikitravel.org/wiki/en/api.php?action=parse&page=Netherlands&format=json&prop=wikitext
2019-03-29 14:21:14,372 __main__     INFO 200 - GET https://wikitravel.org/wiki/en/api.php?action=parse&page=New+Zealand&format=json&prop=wikitext
2019-03-29 14:21:14,644 __main__     INFO 200 - GET https://wikitravel.org/wiki/en/api.php?action=parse&page=Nicaragua&format=json&prop=wikitext
2019-03-29 14:21:14,909 __main__     INFO 200 - GET https://wikitravel.org/wiki/en/api.php?action=parse&page=Niger&format=json&prop=wikitext
2019-03-29 14:21:15,189 __main__     INFO 200 - GET https://wikitravel.org/wiki/en/api.php?action=parse&page=Nigeria&format=json&prop=wikitext
2019-03-29 14:21:15,474 __main__     INFO 200 - GET https://wikitravel.org/wiki/en/api.php?action=parse&page=Norway&format=json&prop=wikitext
2019-03-29 14:21:15,771 __main__     INFO 200 - GET https://wikitravel.org/wiki/en/api.php?action=parse&page=Oman&format=json&prop=wikitext
2019-03-29 14:21:16,030 __main__     INFO 200 - GET https://wikitravel.org/wiki/en/api.php?action=parse&page=Pakistan&format=json&prop=wikitext
2019-03-29 14:21:16,297 __main__     INFO 200 - GET https://wikitravel.org/wiki/en/api.php?action=parse&page=Palau&format=json&prop=wikitext
2019-03-29 14:21:16,577 __main__     INFO 200 - GET https://wikitravel.org/wiki/en/api.php?action=parse&page=Panama&format=json&prop=wikitext
2019-03-29 14:21:16,868 __main__     INFO 200 - GET https://wikitravel.org/wiki/en/api.php?action=parse&page=Papua+New+Guinea&format=json&prop=wikitext
2019-03-29 14:21:17,135 __main__     INFO 200 - GET https://wikitravel.org/wiki/en/api.php?action=parse&page=Paraguay&format=json&prop=wikitext
2019-03-29 14:21:17,407 __main__     INFO 200 - GET https://wikitravel.org/wiki/en/api.php?action=parse&page=Peru&format=json&prop=wikitext
2019-03-29 14:21:17,679 __main__     INFO 200 - GET https://wikitravel.org/wiki/en/api.php?action=parse&page=Philippines&format=json&prop=wikitext
2019-03-29 14:21:17,949 __main__     INFO 200 - GET https://wikitravel.org/wiki/en/api.php?action=parse&page=Poland&format=json&prop=wikitext
2019-03-29 14:21:18,221 __main__     INFO 200 - GET https://wikitravel.org/wiki/en/api.php?action=parse&page=Portugal&format=json&prop=wikitext
2019-03-29 14:21:18,500 __main__     INFO 200 - GET https://wikitravel.org/wiki/en/api.php?action=parse&page=Qatar&format=json&prop=wikitext
2019-03-29 14:21:18,777 __main__     INFO 200 - GET https://wikitravel.org/wiki/en/api.php?action=parse&page=Romania&format=json&prop=wikitext
2019-03-29 14:21:19,064 __main__     INFO 200 - GET https://wikitravel.org/wiki/en/api.php?action=parse&page=Russian+Federation&format=json&prop=wikitext
2019-03-29 14:21:19,333 __main__     INFO 200 - GET https://wikitravel.org/wiki/en/api.php?action=parse&page=Rwanda&format=json&prop=wikitext
2019-03-29 14:21:19,602 __main__     INFO 200 - GET https://wikitravel.org/wiki/en/api.php?action=parse&page=St+Kitts+%26+Nevis&format=json&prop=wikitext
2019-03-29 14:21:19,603 __main__     WARNING Error fetching St Kitts & Nevis: missingtitle
2019-03-29 14:21:19,890 __main__     INFO 200 - GET https://wikitravel.org/wiki/en/api.php?action=parse&page=St+Lucia&format=json&prop=wikitext
2019-03-29 14:21:20,159 __main__     INFO 200 - GET https://wikitravel.org/wiki/en/api.php?action=parse&page=Saint+Vincent+%26+the+Grenadines&format=json&prop=wikitext
2019-03-29 14:21:20,160 __main__     WARNING Error fetching Saint Vincent & the Grenadines: missingtitle
2019-03-29 14:21:20,423 __main__     INFO 200 - GET https://wikitravel.org/wiki/en/api.php?action=parse&page=Samoa&format=json&prop=wikitext
2019-03-29 14:21:20,685 __main__     INFO 200 - GET https://wikitravel.org/wiki/en/api.php?action=parse&page=San+Marino&format=json&prop=wikitext
2019-03-29 14:21:20,939 __main__     INFO 200 - GET https://wikitravel.org/wiki/en/api.php?action=parse&page=Sao+Tome+%26+Principe&format=json&prop=wikitext
2019-03-29 14:21:20,941 __main__     WARNING Error fetching Sao Tome & Principe: missingtitle
2019-03-29 14:21:21,210 __main__     INFO 200 - GET https://wikitravel.org/wiki/en/api.php?action=parse&page=Saudi+Arabia&format=json&prop=wikitext
2019-03-29 14:21:21,478 __main__     INFO 200 - GET https://wikitravel.org/wiki/en/api.php?action=parse&page=Senegal&format=json&prop=wikitext
2019-03-29 14:21:21,764 __main__     INFO 200 - GET https://wikitravel.org/wiki/en/api.php?action=parse&page=Serbia&format=json&prop=wikitext
2019-03-29 14:21:22,029 __main__     INFO 200 - GET https://wikitravel.org/wiki/en/api.php?action=parse&page=Seychelles&format=json&prop=wikitext
2019-03-29 14:21:22,296 __main__     INFO 200 - GET https://wikitravel.org/wiki/en/api.php?action=parse&page=Sierra+Leone&format=json&prop=wikitext
2019-03-29 14:21:33,317 __main__     INFO 200 - GET https://wikitravel.org/wiki/en/api.php?action=parse&page=Singapore&format=json&prop=wikitext
2019-03-29 14:21:33,615 __main__     INFO 200 - GET https://wikitravel.org/wiki/en/api.php?action=parse&page=Slovakia&format=json&prop=wikitext
2019-03-29 14:21:33,881 __main__     INFO 200 - GET https://wikitravel.org/wiki/en/api.php?action=parse&page=Slovenia&format=json&prop=wikitext
2019-03-29 14:21:34,155 __main__     INFO 200 - GET https://wikitravel.org/wiki/en/api.php?action=parse&page=Solomon+Islands&format=json&prop=wikitext
2019-03-29 14:21:34,423 __main__     INFO 200 - GET https://wikitravel.org/wiki/en/api.php?action=parse&page=Somalia&format=json&prop=wikitext
2019-03-29 14:21:34,699 __main__     INFO 200 - GET https://wikitravel.org/wiki/en/api.php?action=parse&page=South+Africa&format=json&prop=wikitext
2019-03-29 14:21:34,958 __main__     INFO 200 - GET https://wikitravel.org/wiki/en/api.php?action=parse&page=South+Sudan&format=json&prop=wikitext
2019-03-29 14:21:35,227 __main__     INFO 200 - GET https://wikitravel.org/wiki/en/api.php?action=parse&page=Spain&format=json&prop=wikitext
2019-03-29 14:21:35,500 __main__     INFO 200 - GET https://wikitravel.org/wiki/en/api.php?action=parse&page=Sri+Lanka&format=json&prop=wikitext
2019-03-29 14:21:35,777 __main__     INFO 200 - GET https://wikitravel.org/wiki/en/api.php?action=parse&page=Sudan&format=json&prop=wikitext
2019-03-29 14:21:36,043 __main__     INFO 200 - GET https://wikitravel.org/wiki/en/api.php?action=parse&page=Suriname&format=json&prop=wikitext
2019-03-29 14:21:36,322 __main__     INFO 200 - GET https://wikitravel.org/wiki/en/api.php?action=parse&page=Swaziland&format=json&prop=wikitext
2019-03-29 14:21:36,593 __main__     INFO 200 - GET https://wikitravel.org/wiki/en/api.php?action=parse&page=Sweden&format=json&prop=wikitext
2019-03-29 14:21:36,852 __main__     INFO 200 - GET https://wikitravel.org/wiki/en/api.php?action=parse&page=Switzerland&format=json&prop=wikitext
2019-03-29 14:21:37,118 __main__     INFO 200 - GET https://wikitravel.org/wiki/en/api.php?action=parse&page=Syria&format=json&prop=wikitext
2019-03-29 14:21:37,421 __main__     INFO 200 - GET https://wikitravel.org/wiki/en/api.php?action=parse&page=Taiwan&format=json&prop=wikitext
2019-03-29 14:21:37,684 __main__     INFO 200 - GET https://wikitravel.org/wiki/en/api.php?action=parse&page=Tajikistan&format=json&prop=wikitext
2019-03-29 14:21:37,960 __main__     INFO 200 - GET https://wikitravel.org/wiki/en/api.php?action=parse&page=Tanzania&format=json&prop=wikitext
2019-03-29 14:21:38,243 __main__     INFO 200 - GET https://wikitravel.org/wiki/en/api.php?action=parse&page=Thailand&format=json&prop=wikitext
2019-03-29 14:21:38,519 __main__     INFO 200 - GET https://wikitravel.org/wiki/en/api.php?action=parse&page=Togo&format=json&prop=wikitext
2019-03-29 14:21:38,802 __main__     INFO 200 - GET https://wikitravel.org/wiki/en/api.php?action=parse&page=Tonga&format=json&prop=wikitext
2019-03-29 14:21:39,055 __main__     INFO 200 - GET https://wikitravel.org/wiki/en/api.php?action=parse&page=Trinidad+%26+Tobago&format=json&prop=wikitext
2019-03-29 14:21:39,056 __main__     WARNING Error fetching Trinidad & Tobago: missingtitle
2019-03-29 14:21:39,334 __main__     INFO 200 - GET https://wikitravel.org/wiki/en/api.php?action=parse&page=Tunisia&format=json&prop=wikitext
2019-03-29 14:21:39,617 __main__     INFO 200 - GET https://wikitravel.org/wiki/en/api.php?action=parse&page=Turkey&format=json&prop=wikitext
2019-03-29 14:21:39,882 __main__     INFO 200 - GET https://wikitravel.org/wiki/en/api.php?action=parse&page=Turkmenistan&format=json&prop=wikitext
2019-03-29 14:21:40,147 __main__     INFO 200 - GET https://wikitravel.org/wiki/en/api.php?action=parse&page=Tuvalu&format=json&prop=wikitext
2019-03-29 14:21:40,424 __main__     INFO 200 - GET https://wikitravel.org/wiki/en/api.php?action=parse&page=Uganda&format=json&prop=wikitext
2019-03-29 14:21:40,707 __main__     INFO 200 - GET https://wikitravel.org/wiki/en/api.php?action=parse&page=Ukraine&format=json&prop=wikitext
2019-03-29 14:21:40,975 __main__     INFO 200 - GET https://wikitravel.org/wiki/en/api.php?action=parse&page=United+Arab+Emirates&format=json&prop=wikitext
2019-03-29 14:21:41,251 __main__     INFO 200 - GET https://wikitravel.org/wiki/en/api.php?action=parse&page=United+Kingdom&format=json&prop=wikitext
2019-03-29 14:21:41,527 __main__     INFO 200 - GET https://wikitravel.org/wiki/en/api.php?action=parse&page=United+States&format=json&prop=wikitext
2019-03-29 14:21:47,012 __main__     INFO 200 - GET https://wikitravel.org/wiki/en/api.php?action=parse&page=Uruguay&format=json&prop=wikitext
2019-03-29 14:21:47,282 __main__     INFO 200 - GET https://wikitravel.org/wiki/en/api.php?action=parse&page=Uzbekistan&format=json&prop=wikitext
2019-03-29 14:21:47,558 __main__     INFO 200 - GET https://wikitravel.org/wiki/en/api.php?action=parse&page=Vanuatu&format=json&prop=wikitext
2019-03-29 14:21:47,875 __main__     INFO 200 - GET https://wikitravel.org/wiki/en/api.php?action=parse&page=Vatican+City&format=json&prop=wikitext
2019-03-29 14:21:48,149 __main__     INFO 200 - GET https://wikitravel.org/wiki/en/api.php?action=parse&page=Venezuela&format=json&prop=wikitext
2019-03-29 14:21:48,419 __main__     INFO 200 - GET https://wikitravel.org/wiki/en/api.php?action=parse&page=Vietnam&format=json&prop=wikitext
2019-03-29 14:21:48,690 __main__     INFO 200 - GET https://wikitravel.org/wiki/en/api.php?action=parse&page=Yemen&format=json&prop=wikitext
2019-03-29 14:21:48,974 __main__     INFO 200 - GET https://wikitravel.org/wiki/en/api.php?action=parse&page=Zambia&format=json&prop=wikitext
2019-03-29 14:21:49,246 __main__     INFO 200 - GET https://wikitravel.org/wiki/en/api.php?action=parse&page=Zimbabwe&format=json&prop=wikitext
