2019-04-01 09:01:53,569 __main__     INFO Crawler created
2019-04-01 09:01:53,570 __main__     INFO Created directory ../data/wikitravel
2019-04-01 09:01:53,570 __main__     INFO Using ../data/wikitravel as data directory
2019-04-01 09:01:53,922 __main__     INFO 200 - GET https://wikitravel.org/wiki/en/api.php?action=parse&page=Afghanistan&format=json&prop=wikitext
2019-04-01 09:01:54,200 __main__     INFO 200 - GET https://wikitravel.org/wiki/en/api.php?action=parse&page=Albania&format=json&prop=wikitext
2019-04-01 09:01:54,482 __main__     INFO 200 - GET https://wikitravel.org/wiki/en/api.php?action=parse&page=Algeria&format=json&prop=wikitext
2019-04-01 09:01:54,758 __main__     INFO 200 - GET https://wikitravel.org/wiki/en/api.php?action=parse&page=Andorra&format=json&prop=wikitext
2019-04-01 09:01:55,027 __main__     INFO 200 - GET https://wikitravel.org/wiki/en/api.php?action=parse&page=Angola&format=json&prop=wikitext
2019-04-01 09:01:55,284 __main__     INFO 200 - GET https://wikitravel.org/wiki/en/api.php?action=parse&page=Antigua+%26+Deps&format=json&prop=wikitext
2019-04-01 09:01:55,284 __main__     WARNING Error fetching Antigua & Deps: missingtitle
2019-04-01 09:01:55,543 __main__     INFO 200 - GET https://wikitravel.org/wiki/en/api.php?action=parse&page=Argentina&format=json&prop=wikitext
2019-04-01 09:01:55,800 __main__     INFO 200 - GET https://wikitravel.org/wiki/en/api.php?action=parse&page=Armenia&format=json&prop=wikitext
2019-04-01 09:01:56,069 __main__     INFO 200 - GET https://wikitravel.org/wiki/en/api.php?action=parse&page=Australia&format=json&prop=wikitext
2019-04-01 09:01:56,511 __main__     INFO 200 - GET https://wikitravel.org/wiki/en/api.php?action=parse&page=Austria&format=json&prop=wikitext
2019-04-01 09:01:56,769 __main__     INFO 200 - GET https://wikitravel.org/wiki/en/api.php?action=parse&page=Azerbaijan&format=json&prop=wikitext
2019-04-01 09:01:57,031 __main__     INFO 200 - GET https://wikitravel.org/wiki/en/api.php?action=parse&page=Bahamas&format=json&prop=wikitext
2019-04-01 09:01:57,309 __main__     INFO 200 - GET https://wikitravel.org/wiki/en/api.php?action=parse&page=Bahrain&format=json&prop=wikitext
2019-04-01 09:01:57,583 __main__     INFO 200 - GET https://wikitravel.org/wiki/en/api.php?action=parse&page=Bangladesh&format=json&prop=wikitext
2019-04-01 09:01:57,856 __main__     INFO 200 - GET https://wikitravel.org/wiki/en/api.php?action=parse&page=Barbados&format=json&prop=wikitext
2019-04-01 09:01:58,159 __main__     INFO 200 - GET https://wikitravel.org/wiki/en/api.php?action=parse&page=Belarus&format=json&prop=wikitext
2019-04-01 09:01:58,445 __main__     INFO 200 - GET https://wikitravel.org/wiki/en/api.php?action=parse&page=Belgium&format=json&prop=wikitext
2019-04-01 09:01:58,710 __main__     INFO 200 - GET https://wikitravel.org/wiki/en/api.php?action=parse&page=Belize&format=json&prop=wikitext
2019-04-01 09:01:58,983 __main__     INFO 200 - GET https://wikitravel.org/wiki/en/api.php?action=parse&page=Benin&format=json&prop=wikitext
2019-04-01 09:01:59,250 __main__     INFO 200 - GET https://wikitravel.org/wiki/en/api.php?action=parse&page=Bhutan&format=json&prop=wikitext
2019-04-01 09:01:59,514 __main__     INFO 200 - GET https://wikitravel.org/wiki/en/api.php?action=parse&page=Bolivia&format=json&prop=wikitext
2019-04-01 09:01:59,820 __main__     INFO 200 - GET https://wikitravel.org/wiki/en/api.php?action=parse&page=Bosnia+Herzegovina&format=json&prop=wikitext
2019-04-01 09:01:59,820 __main__     WARNING Error fetching Bosnia Herzegovina: missingtitle
2019-04-01 09:02:00,250 __main__     INFO 200 - GET https://wikitravel.org/wiki/en/api.php?action=parse&page=Botswana&format=json&prop=wikitext
2019-04-01 09:02:01,033 __main__     INFO 200 - GET https://wikitravel.org/wiki/en/api.php?action=parse&page=Brazil&format=json&prop=wikitext
2019-04-01 09:02:01,309 __main__     INFO 200 - GET https://wikitravel.org/wiki/en/api.php?action=parse&page=Brunei&format=json&prop=wikitext
2019-04-01 09:02:01,577 __main__     INFO 200 - GET https://wikitravel.org/wiki/en/api.php?action=parse&page=Bulgaria&format=json&prop=wikitext
2019-04-01 09:02:01,825 __main__     INFO 200 - GET https://wikitravel.org/wiki/en/api.php?action=parse&page=Burkina&format=json&prop=wikitext
2019-04-01 09:02:01,825 __main__     WARNING Error fetching Burkina: missingtitle
2019-04-01 09:02:02,102 __main__     INFO 200 - GET https://wikitravel.org/wiki/en/api.php?action=parse&page=Burundi&format=json&prop=wikitext
2019-04-01 09:02:02,373 __main__     INFO 200 - GET https://wikitravel.org/wiki/en/api.php?action=parse&page=Cambodia&format=json&prop=wikitext
2019-04-01 09:02:02,637 __main__     INFO 200 - GET https://wikitravel.org/wiki/en/api.php?action=parse&page=Cameroon&format=json&prop=wikitext
2019-04-01 09:02:02,906 __main__     INFO 200 - GET https://wikitravel.org/wiki/en/api.php?action=parse&page=Canada&format=json&prop=wikitext
2019-04-01 09:02:03,172 __main__     INFO 200 - GET https://wikitravel.org/wiki/en/api.php?action=parse&page=Cape+Verde&format=json&prop=wikitext
2019-04-01 09:02:03,426 __main__     INFO 200 - GET https://wikitravel.org/wiki/en/api.php?action=parse&page=Central+African+Rep&format=json&prop=wikitext
2019-04-01 09:02:03,426 __main__     WARNING Error fetching Central African Rep: missingtitle
2019-04-01 09:02:03,691 __main__     INFO 200 - GET https://wikitravel.org/wiki/en/api.php?action=parse&page=Chad&format=json&prop=wikitext
2019-04-01 09:02:03,989 __main__     INFO 200 - GET https://wikitravel.org/wiki/en/api.php?action=parse&page=Chile&format=json&prop=wikitext
2019-04-01 09:02:04,443 __main__     INFO 200 - GET https://wikitravel.org/wiki/en/api.php?action=parse&page=China&format=json&prop=wikitext
2019-04-01 09:02:04,715 __main__     INFO 200 - GET https://wikitravel.org/wiki/en/api.php?action=parse&page=Colombia&format=json&prop=wikitext
2019-04-01 09:02:05,020 __main__     INFO 200 - GET https://wikitravel.org/wiki/en/api.php?action=parse&page=Comoros&format=json&prop=wikitext
2019-04-01 09:02:05,315 __main__     INFO 200 - GET https://wikitravel.org/wiki/en/api.php?action=parse&page=Congo&format=json&prop=wikitext
2019-04-01 09:02:05,574 __main__     INFO 200 - GET https://wikitravel.org/wiki/en/api.php?action=parse&page=Congo+Democratic+Rep&format=json&prop=wikitext
2019-04-01 09:02:05,575 __main__     WARNING Error fetching Congo Democratic Rep: missingtitle
2019-04-01 09:02:05,837 __main__     INFO 200 - GET https://wikitravel.org/wiki/en/api.php?action=parse&page=Costa+Rica&format=json&prop=wikitext
2019-04-01 09:02:06,116 __main__     INFO 200 - GET https://wikitravel.org/wiki/en/api.php?action=parse&page=Croatia&format=json&prop=wikitext
2019-04-01 09:02:06,383 __main__     INFO 200 - GET https://wikitravel.org/wiki/en/api.php?action=parse&page=Cuba&format=json&prop=wikitext
2019-04-01 09:02:06,659 __main__     INFO 200 - GET https://wikitravel.org/wiki/en/api.php?action=parse&page=Cyprus&format=json&prop=wikitext
2019-04-01 09:02:06,939 __main__     INFO 200 - GET https://wikitravel.org/wiki/en/api.php?action=parse&page=Czech+Republic&format=json&prop=wikitext
2019-04-01 09:02:07,213 __main__     INFO 200 - GET https://wikitravel.org/wiki/en/api.php?action=parse&page=Denmark&format=json&prop=wikitext
2019-04-01 09:02:07,477 __main__     INFO 200 - GET https://wikitravel.org/wiki/en/api.php?action=parse&page=Djibouti&format=json&prop=wikitext
2019-04-01 09:02:07,757 __main__     INFO 200 - GET https://wikitravel.org/wiki/en/api.php?action=parse&page=Dominica&format=json&prop=wikitext
2019-04-01 09:02:08,050 __main__     INFO 200 - GET https://wikitravel.org/wiki/en/api.php?action=parse&page=Dominican+Republic&format=json&prop=wikitext
2019-04-01 09:02:08,332 __main__     INFO 200 - GET https://wikitravel.org/wiki/en/api.php?action=parse&page=East+Timor&format=json&prop=wikitext
2019-04-01 09:02:08,614 __main__     INFO 200 - GET https://wikitravel.org/wiki/en/api.php?action=parse&page=Ecuador&format=json&prop=wikitext
2019-04-01 09:02:08,888 __main__     INFO 200 - GET https://wikitravel.org/wiki/en/api.php?action=parse&page=Egypt&format=json&prop=wikitext
2019-04-01 09:02:09,160 __main__     INFO 200 - GET https://wikitravel.org/wiki/en/api.php?action=parse&page=El+Salvador&format=json&prop=wikitext
2019-04-01 09:02:09,435 __main__     INFO 200 - GET https://wikitravel.org/wiki/en/api.php?action=parse&page=Equatorial+Guinea&format=json&prop=wikitext
2019-04-01 09:02:09,707 __main__     INFO 200 - GET https://wikitravel.org/wiki/en/api.php?action=parse&page=Eritrea&format=json&prop=wikitext
2019-04-01 09:02:10,018 __main__     INFO 200 - GET https://wikitravel.org/wiki/en/api.php?action=parse&page=Estonia&format=json&prop=wikitext
2019-04-01 09:02:10,280 __main__     INFO 200 - GET https://wikitravel.org/wiki/en/api.php?action=parse&page=Ethiopia&format=json&prop=wikitext
2019-04-01 09:02:10,548 __main__     INFO 200 - GET https://wikitravel.org/wiki/en/api.php?action=parse&page=Fiji&format=json&prop=wikitext
2019-04-01 09:02:10,904 __main__     INFO 200 - GET https://wikitravel.org/wiki/en/api.php?action=parse&page=Finland&format=json&prop=wikitext
2019-04-01 09:02:11,184 __main__     INFO 200 - GET https://wikitravel.org/wiki/en/api.php?action=parse&page=France&format=json&prop=wikitext
2019-04-01 09:02:11,447 __main__     INFO 200 - GET https://wikitravel.org/wiki/en/api.php?action=parse&page=Gabon&format=json&prop=wikitext
2019-04-01 09:02:11,729 __main__     INFO 200 - GET https://wikitravel.org/wiki/en/api.php?action=parse&page=Gambia&format=json&prop=wikitext
2019-04-01 09:02:11,995 __main__     INFO 200 - GET https://wikitravel.org/wiki/en/api.php?action=parse&page=Georgia&format=json&prop=wikitext
2019-04-01 09:02:12,277 __main__     INFO 200 - GET https://wikitravel.org/wiki/en/api.php?action=parse&page=Germany&format=json&prop=wikitext
2019-04-01 09:02:12,551 __main__     INFO 200 - GET https://wikitravel.org/wiki/en/api.php?action=parse&page=Ghana&format=json&prop=wikitext
2019-04-01 09:02:12,823 __main__     INFO 200 - GET https://wikitravel.org/wiki/en/api.php?action=parse&page=Greece&format=json&prop=wikitext
2019-04-01 09:02:13,101 __main__     INFO 200 - GET https://wikitravel.org/wiki/en/api.php?action=parse&page=Grenada&format=json&prop=wikitext
2019-04-01 09:02:13,365 __main__     INFO 200 - GET https://wikitravel.org/wiki/en/api.php?action=parse&page=Guatemala&format=json&prop=wikitext
2019-04-01 09:02:13,648 __main__     INFO 200 - GET https://wikitravel.org/wiki/en/api.php?action=parse&page=Guinea&format=json&prop=wikitext
2019-04-01 09:02:13,914 __main__     INFO 200 - GET https://wikitravel.org/wiki/en/api.php?action=parse&page=Guinea-Bissau&format=json&prop=wikitext
2019-04-01 09:02:14,195 __main__     INFO 200 - GET https://wikitravel.org/wiki/en/api.php?action=parse&page=Guyana&format=json&prop=wikitext
2019-04-01 09:02:14,475 __main__     INFO 200 - GET https://wikitravel.org/wiki/en/api.php?action=parse&page=Haiti&format=json&prop=wikitext
2019-04-01 09:02:14,804 __main__     INFO 200 - GET https://wikitravel.org/wiki/en/api.php?action=parse&page=Honduras&format=json&prop=wikitext
2019-04-01 09:02:15,072 __main__     INFO 200 - GET https://wikitravel.org/wiki/en/api.php?action=parse&page=Hungary&format=json&prop=wikitext
2019-04-01 09:02:15,341 __main__     INFO 200 - GET https://wikitravel.org/wiki/en/api.php?action=parse&page=Iceland&format=json&prop=wikitext
2019-04-01 09:02:15,641 __main__     INFO 200 - GET https://wikitravel.org/wiki/en/api.php?action=parse&page=India&format=json&prop=wikitext
2019-04-01 09:02:15,923 __main__     INFO 200 - GET https://wikitravel.org/wiki/en/api.php?action=parse&page=Indonesia&format=json&prop=wikitext
2019-04-01 09:02:16,186 __main__     INFO 200 - GET https://wikitravel.org/wiki/en/api.php?action=parse&page=Iran&format=json&prop=wikitext
2019-04-01 09:02:16,451 __main__     INFO 200 - GET https://wikitravel.org/wiki/en/api.php?action=parse&page=Iraq&format=json&prop=wikitext
2019-04-01 09:02:16,715 __main__     INFO 200 - GET https://wikitravel.org/wiki/en/api.php?action=parse&page=Ireland+Republic&format=json&prop=wikitext
2019-04-01 09:02:16,716 __main__     WARNING Error fetching Ireland Republic: missingtitle
2019-04-01 09:02:16,993 __main__     INFO 200 - GET https://wikitravel.org/wiki/en/api.php?action=parse&page=Israel&format=json&prop=wikitext
2019-04-01 09:02:17,292 __main__     INFO 200 - GET https://wikitravel.org/wiki/en/api.php?action=parse&page=Italy&format=json&prop=wikitext
2019-04-01 09:02:17,571 __main__     INFO 200 - GET https://wikitravel.org/wiki/en/api.php?action=parse&page=Ivory+Coast&format=json&prop=wikitext
2019-04-01 09:02:17,851 __main__     INFO 200 - GET https://wikitravel.org/wiki/en/api.php?action=parse&page=Jamaica&format=json&prop=wikitext
2019-04-01 09:02:18,140 __main__     INFO 200 - GET https://wikitravel.org/wiki/en/api.php?action=parse&page=Japan&format=json&prop=wikitext
2019-04-01 09:02:18,405 __main__     INFO 200 - GET https://wikitravel.org/wiki/en/api.php?action=parse&page=Jordan&format=json&prop=wikitext
2019-04-01 09:02:18,665 __main__     INFO 200 - GET https://wikitravel.org/wiki/en/api.php?action=parse&page=Kazakhstan&format=json&prop=wikitext
2019-04-01 09:02:18,936 __main__     INFO 200 - GET https://wikitravel.org/wiki/en/api.php?action=parse&page=Kenya&format=json&prop=wikitext
2019-04-01 09:02:19,210 __main__     INFO 200 - GET https://wikitravel.org/wiki/en/api.php?action=parse&page=Kiribati&format=json&prop=wikitext
2019-04-01 09:02:19,463 __main__     INFO 200 - GET https://wikitravel.org/wiki/en/api.php?action=parse&page=Korea+North&format=json&prop=wikitext
2019-04-01 09:02:19,464 __main__     WARNING Error fetching Korea North: missingtitle
2019-04-01 09:02:19,724 __main__     INFO 200 - GET https://wikitravel.org/wiki/en/api.php?action=parse&page=Korea+South&format=json&prop=wikitext
2019-04-01 09:02:19,725 __main__     WARNING Error fetching Korea South: missingtitle
2019-04-01 09:02:19,997 __main__     INFO 200 - GET https://wikitravel.org/wiki/en/api.php?action=parse&page=Kosovo&format=json&prop=wikitext
2019-04-01 09:02:20,273 __main__     INFO 200 - GET https://wikitravel.org/wiki/en/api.php?action=parse&page=Kuwait&format=json&prop=wikitext
2019-04-01 09:02:20,547 __main__     INFO 200 - GET https://wikitravel.org/wiki/en/api.php?action=parse&page=Kyrgyzstan&format=json&prop=wikitext
2019-04-01 09:02:20,827 __main__     INFO 200 - GET https://wikitravel.org/wiki/en/api.php?action=parse&page=Laos&format=json&prop=wikitext
2019-04-01 09:02:21,101 __main__     INFO 200 - GET https://wikitravel.org/wiki/en/api.php?action=parse&page=Latvia&format=json&prop=wikitext
2019-04-01 09:02:21,366 __main__     INFO 200 - GET https://wikitravel.org/wiki/en/api.php?action=parse&page=Lebanon&format=json&prop=wikitext
2019-04-01 09:02:21,636 __main__     INFO 200 - GET https://wikitravel.org/wiki/en/api.php?action=parse&page=Lesotho&format=json&prop=wikitext
2019-04-01 09:02:21,908 __main__     INFO 200 - GET https://wikitravel.org/wiki/en/api.php?action=parse&page=Liberia&format=json&prop=wikitext
2019-04-01 09:02:22,175 __main__     INFO 200 - GET https://wikitravel.org/wiki/en/api.php?action=parse&page=Libya&format=json&prop=wikitext
2019-04-01 09:02:22,437 __main__     INFO 200 - GET https://wikitravel.org/wiki/en/api.php?action=parse&page=Liechtenstein&format=json&prop=wikitext
2019-04-01 09:02:22,724 __main__     INFO 200 - GET https://wikitravel.org/wiki/en/api.php?action=parse&page=Lithuania&format=json&prop=wikitext
2019-04-01 09:02:22,999 __main__     INFO 200 - GET https://wikitravel.org/wiki/en/api.php?action=parse&page=Luxembourg&format=json&prop=wikitext
2019-04-01 09:02:23,278 __main__     INFO 200 - GET https://wikitravel.org/wiki/en/api.php?action=parse&page=Macedonia&format=json&prop=wikitext
2019-04-01 09:02:23,556 __main__     INFO 200 - GET https://wikitravel.org/wiki/en/api.php?action=parse&page=Madagascar&format=json&prop=wikitext
2019-04-01 09:02:23,824 __main__     INFO 200 - GET https://wikitravel.org/wiki/en/api.php?action=parse&page=Malawi&format=json&prop=wikitext
2019-04-01 09:02:24,107 __main__     INFO 200 - GET https://wikitravel.org/wiki/en/api.php?action=parse&page=Malaysia&format=json&prop=wikitext
2019-04-01 09:02:24,372 __main__     INFO 200 - GET https://wikitravel.org/wiki/en/api.php?action=parse&page=Maldives&format=json&prop=wikitext
2019-04-01 09:02:24,647 __main__     INFO 200 - GET https://wikitravel.org/wiki/en/api.php?action=parse&page=Mali&format=json&prop=wikitext
2019-04-01 09:02:24,919 __main__     INFO 200 - GET https://wikitravel.org/wiki/en/api.php?action=parse&page=Malta&format=json&prop=wikitext
2019-04-01 09:02:25,201 __main__     INFO 200 - GET https://wikitravel.org/wiki/en/api.php?action=parse&page=Marshall+Islands&format=json&prop=wikitext
2019-04-01 09:02:25,466 __main__     INFO 200 - GET https://wikitravel.org/wiki/en/api.php?action=parse&page=Mauritania&format=json&prop=wikitext
2019-04-01 09:02:25,732 __main__     INFO 200 - GET https://wikitravel.org/wiki/en/api.php?action=parse&page=Mauritius&format=json&prop=wikitext
2019-04-01 09:02:25,993 __main__     INFO 200 - GET https://wikitravel.org/wiki/en/api.php?action=parse&page=Mexico&format=json&prop=wikitext
2019-04-01 09:02:26,259 __main__     INFO 200 - GET https://wikitravel.org/wiki/en/api.php?action=parse&page=Micronesia&format=json&prop=wikitext
2019-04-01 09:02:26,535 __main__     INFO 200 - GET https://wikitravel.org/wiki/en/api.php?action=parse&page=Moldova&format=json&prop=wikitext
2019-04-01 09:02:26,821 __main__     INFO 200 - GET https://wikitravel.org/wiki/en/api.php?action=parse&page=Monaco&format=json&prop=wikitext
2019-04-01 09:02:27,083 __main__     INFO 200 - GET https://wikitravel.org/wiki/en/api.php?action=parse&page=Mongolia&format=json&prop=wikitext
2019-04-01 09:02:27,392 __main__     INFO 200 - GET https://wikitravel.org/wiki/en/api.php?action=parse&page=Montenegro&format=json&prop=wikitext
2019-04-01 09:02:27,680 __main__     INFO 200 - GET https://wikitravel.org/wiki/en/api.php?action=parse&page=Morocco&format=json&prop=wikitext
2019-04-01 09:02:27,946 __main__     INFO 200 - GET https://wikitravel.org/wiki/en/api.php?action=parse&page=Mozambique&format=json&prop=wikitext
2019-04-01 09:02:28,207 __main__     INFO 200 - GET https://wikitravel.org/wiki/en/api.php?action=parse&page=Myanmar%2C+Burma&format=json&prop=wikitext
2019-04-01 09:02:28,208 __main__     WARNING Error fetching Myanmar, Burma: missingtitle
2019-04-01 09:02:28,482 __main__     INFO 200 - GET https://wikitravel.org/wiki/en/api.php?action=parse&page=Namibia&format=json&prop=wikitext
2019-04-01 09:02:28,763 __main__     INFO 200 - GET https://wikitravel.org/wiki/en/api.php?action=parse&page=Nauru&format=json&prop=wikitext
2019-04-01 09:02:29,044 __main__     INFO 200 - GET https://wikitravel.org/wiki/en/api.php?action=parse&page=Nepal&format=json&prop=wikitext
2019-04-01 09:02:29,321 __main__     INFO 200 - GET https://wikitravel.org/wiki/en/api.php?action=parse&page=Netherlands&format=json&prop=wikitext
2019-04-01 09:02:29,611 __main__     INFO 200 - GET https://wikitravel.org/wiki/en/api.php?action=parse&page=New+Zealand&format=json&prop=wikitext
2019-04-01 09:02:29,880 __main__     INFO 200 - GET https://wikitravel.org/wiki/en/api.php?action=parse&page=Nicaragua&format=json&prop=wikitext
2019-04-01 09:02:30,143 __main__     INFO 200 - GET https://wikitravel.org/wiki/en/api.php?action=parse&page=Niger&format=json&prop=wikitext
2019-04-01 09:02:30,414 __main__     INFO 200 - GET https://wikitravel.org/wiki/en/api.php?action=parse&page=Nigeria&format=json&prop=wikitext
2019-04-01 09:02:30,704 __main__     INFO 200 - GET https://wikitravel.org/wiki/en/api.php?action=parse&page=Norway&format=json&prop=wikitext
2019-04-01 09:02:30,969 __main__     INFO 200 - GET https://wikitravel.org/wiki/en/api.php?action=parse&page=Oman&format=json&prop=wikitext
2019-04-01 09:02:31,237 __main__     INFO 200 - GET https://wikitravel.org/wiki/en/api.php?action=parse&page=Pakistan&format=json&prop=wikitext
2019-04-01 09:02:34,069 __main__     INFO 200 - GET https://wikitravel.org/wiki/en/api.php?action=parse&page=Palau&format=json&prop=wikitext
2019-04-01 09:02:34,341 __main__     INFO 200 - GET https://wikitravel.org/wiki/en/api.php?action=parse&page=Panama&format=json&prop=wikitext
2019-04-01 09:02:34,608 __main__     INFO 200 - GET https://wikitravel.org/wiki/en/api.php?action=parse&page=Papua+New+Guinea&format=json&prop=wikitext
2019-04-01 09:02:34,887 __main__     INFO 200 - GET https://wikitravel.org/wiki/en/api.php?action=parse&page=Paraguay&format=json&prop=wikitext
2019-04-01 09:02:35,165 __main__     INFO 200 - GET https://wikitravel.org/wiki/en/api.php?action=parse&page=Peru&format=json&prop=wikitext
2019-04-01 09:02:35,439 __main__     INFO 200 - GET https://wikitravel.org/wiki/en/api.php?action=parse&page=Philippines&format=json&prop=wikitext
2019-04-01 09:02:35,777 __main__     INFO 200 - GET https://wikitravel.org/wiki/en/api.php?action=parse&page=Poland&format=json&prop=wikitext
2019-04-01 09:02:36,050 __main__     INFO 200 - GET https://wikitravel.org/wiki/en/api.php?action=parse&page=Portugal&format=json&prop=wikitext
2019-04-01 09:02:36,326 __main__     INFO 200 - GET https://wikitravel.org/wiki/en/api.php?action=parse&page=Qatar&format=json&prop=wikitext
2019-04-01 09:02:36,592 __main__     INFO 200 - GET https://wikitravel.org/wiki/en/api.php?action=parse&page=Romania&format=json&prop=wikitext
2019-04-01 09:02:36,891 __main__     INFO 200 - GET https://wikitravel.org/wiki/en/api.php?action=parse&page=Russian+Federation&format=json&prop=wikitext
2019-04-01 09:02:37,168 __main__     INFO 200 - GET https://wikitravel.org/wiki/en/api.php?action=parse&page=Rwanda&format=json&prop=wikitext
2019-04-01 09:02:37,430 __main__     INFO 200 - GET https://wikitravel.org/wiki/en/api.php?action=parse&page=St+Kitts+%26+Nevis&format=json&prop=wikitext
2019-04-01 09:02:37,431 __main__     WARNING Error fetching St Kitts & Nevis: missingtitle
2019-04-01 09:02:37,749 __main__     INFO 200 - GET https://wikitravel.org/wiki/en/api.php?action=parse&page=St+Lucia&format=json&prop=wikitext
2019-04-01 09:02:38,009 __main__     INFO 200 - GET https://wikitravel.org/wiki/en/api.php?action=parse&page=Saint+Vincent+%26+the+Grenadines&format=json&prop=wikitext
2019-04-01 09:02:38,010 __main__     WARNING Error fetching Saint Vincent & the Grenadines: missingtitle
2019-04-01 09:02:38,283 __main__     INFO 200 - GET https://wikitravel.org/wiki/en/api.php?action=parse&page=Samoa&format=json&prop=wikitext
2019-04-01 09:02:38,556 __main__     INFO 200 - GET https://wikitravel.org/wiki/en/api.php?action=parse&page=San+Marino&format=json&prop=wikitext
2019-04-01 09:02:38,818 __main__     INFO 200 - GET https://wikitravel.org/wiki/en/api.php?action=parse&page=Sao+Tome+%26+Principe&format=json&prop=wikitext
2019-04-01 09:02:38,819 __main__     WARNING Error fetching Sao Tome & Principe: missingtitle
2019-04-01 09:02:39,100 __main__     INFO 200 - GET https://wikitravel.org/wiki/en/api.php?action=parse&page=Saudi+Arabia&format=json&prop=wikitext
2019-04-01 09:02:39,375 __main__     INFO 200 - GET https://wikitravel.org/wiki/en/api.php?action=parse&page=Senegal&format=json&prop=wikitext
2019-04-01 09:02:39,657 __main__     INFO 200 - GET https://wikitravel.org/wiki/en/api.php?action=parse&page=Serbia&format=json&prop=wikitext
2019-04-01 09:02:39,934 __main__     INFO 200 - GET https://wikitravel.org/wiki/en/api.php?action=parse&page=Seychelles&format=json&prop=wikitext
2019-04-01 09:02:43,022 __main__     INFO 200 - GET https://wikitravel.org/wiki/en/api.php?action=parse&page=Sierra+Leone&format=json&prop=wikitext
2019-04-01 09:02:43,307 __main__     INFO 200 - GET https://wikitravel.org/wiki/en/api.php?action=parse&page=Singapore&format=json&prop=wikitext
2019-04-01 09:02:43,584 __main__     INFO 200 - GET https://wikitravel.org/wiki/en/api.php?action=parse&page=Slovakia&format=json&prop=wikitext
2019-04-01 09:02:43,857 __main__     INFO 200 - GET https://wikitravel.org/wiki/en/api.php?action=parse&page=Slovenia&format=json&prop=wikitext
2019-04-01 09:02:44,126 __main__     INFO 200 - GET https://wikitravel.org/wiki/en/api.php?action=parse&page=Solomon+Islands&format=json&prop=wikitext
2019-04-01 09:02:44,403 __main__     INFO 200 - GET https://wikitravel.org/wiki/en/api.php?action=parse&page=Somalia&format=json&prop=wikitext
2019-04-01 09:02:44,678 __main__     INFO 200 - GET https://wikitravel.org/wiki/en/api.php?action=parse&page=South+Africa&format=json&prop=wikitext
2019-04-01 09:02:44,941 __main__     INFO 200 - GET https://wikitravel.org/wiki/en/api.php?action=parse&page=South+Sudan&format=json&prop=wikitext
2019-04-01 09:02:45,219 __main__     INFO 200 - GET https://wikitravel.org/wiki/en/api.php?action=parse&page=Spain&format=json&prop=wikitext
2019-04-01 09:02:45,486 __main__     INFO 200 - GET https://wikitravel.org/wiki/en/api.php?action=parse&page=Sri+Lanka&format=json&prop=wikitext
2019-04-01 09:02:45,754 __main__     INFO 200 - GET https://wikitravel.org/wiki/en/api.php?action=parse&page=Sudan&format=json&prop=wikitext
2019-04-01 09:02:46,027 __main__     INFO 200 - GET https://wikitravel.org/wiki/en/api.php?action=parse&page=Suriname&format=json&prop=wikitext
2019-04-01 09:02:46,312 __main__     INFO 200 - GET https://wikitravel.org/wiki/en/api.php?action=parse&page=Swaziland&format=json&prop=wikitext
2019-04-01 09:02:46,592 __main__     INFO 200 - GET https://wikitravel.org/wiki/en/api.php?action=parse&page=Sweden&format=json&prop=wikitext
2019-04-01 09:02:46,871 __main__     INFO 200 - GET https://wikitravel.org/wiki/en/api.php?action=parse&page=Switzerland&format=json&prop=wikitext
2019-04-01 09:02:47,145 __main__     INFO 200 - GET https://wikitravel.org/wiki/en/api.php?action=parse&page=Syria&format=json&prop=wikitext
2019-04-01 09:02:47,430 __main__     INFO 200 - GET https://wikitravel.org/wiki/en/api.php?action=parse&page=Taiwan&format=json&prop=wikitext
2019-04-01 09:02:47,695 __main__     INFO 200 - GET https://wikitravel.org/wiki/en/api.php?action=parse&page=Tajikistan&format=json&prop=wikitext
2019-04-01 09:02:47,975 __main__     INFO 200 - GET https://wikitravel.org/wiki/en/api.php?action=parse&page=Tanzania&format=json&prop=wikitext
2019-04-01 09:02:48,257 __main__     INFO 200 - GET https://wikitravel.org/wiki/en/api.php?action=parse&page=Thailand&format=json&prop=wikitext
2019-04-01 09:02:48,530 __main__     INFO 200 - GET https://wikitravel.org/wiki/en/api.php?action=parse&page=Togo&format=json&prop=wikitext
2019-04-01 09:02:48,805 __main__     INFO 200 - GET https://wikitravel.org/wiki/en/api.php?action=parse&page=Tonga&format=json&prop=wikitext
2019-04-01 09:02:49,057 __main__     INFO 200 - GET https://wikitravel.org/wiki/en/api.php?action=parse&page=Trinidad+%26+Tobago&format=json&prop=wikitext
2019-04-01 09:02:49,058 __main__     WARNING Error fetching Trinidad & Tobago: missingtitle
2019-04-01 09:02:49,325 __main__     INFO 200 - GET https://wikitravel.org/wiki/en/api.php?action=parse&page=Tunisia&format=json&prop=wikitext
2019-04-01 09:02:49,774 __main__     INFO 200 - GET https://wikitravel.org/wiki/en/api.php?action=parse&page=Turkey&format=json&prop=wikitext
2019-04-01 09:02:50,057 __main__     INFO 200 - GET https://wikitravel.org/wiki/en/api.php?action=parse&page=Turkmenistan&format=json&prop=wikitext
2019-04-01 09:02:50,325 __main__     INFO 200 - GET https://wikitravel.org/wiki/en/api.php?action=parse&page=Tuvalu&format=json&prop=wikitext
2019-04-01 09:02:50,595 __main__     INFO 200 - GET https://wikitravel.org/wiki/en/api.php?action=parse&page=Uganda&format=json&prop=wikitext
2019-04-01 09:02:50,871 __main__     INFO 200 - GET https://wikitravel.org/wiki/en/api.php?action=parse&page=Ukraine&format=json&prop=wikitext
2019-04-01 09:02:51,137 __main__     INFO 200 - GET https://wikitravel.org/wiki/en/api.php?action=parse&page=United+Arab+Emirates&format=json&prop=wikitext
2019-04-01 09:02:51,408 __main__     INFO 200 - GET https://wikitravel.org/wiki/en/api.php?action=parse&page=United+Kingdom&format=json&prop=wikitext
2019-04-01 09:02:51,704 __main__     INFO 200 - GET https://wikitravel.org/wiki/en/api.php?action=parse&page=United+States&format=json&prop=wikitext
2019-04-01 09:02:51,976 __main__     INFO 200 - GET https://wikitravel.org/wiki/en/api.php?action=parse&page=Uruguay&format=json&prop=wikitext
2019-04-01 09:02:52,251 __main__     INFO 200 - GET https://wikitravel.org/wiki/en/api.php?action=parse&page=Uzbekistan&format=json&prop=wikitext
2019-04-01 09:02:52,533 __main__     INFO 200 - GET https://wikitravel.org/wiki/en/api.php?action=parse&page=Vanuatu&format=json&prop=wikitext
2019-04-01 09:02:52,820 __main__     INFO 200 - GET https://wikitravel.org/wiki/en/api.php?action=parse&page=Vatican+City&format=json&prop=wikitext
2019-04-01 09:02:53,091 __main__     INFO 200 - GET https://wikitravel.org/wiki/en/api.php?action=parse&page=Venezuela&format=json&prop=wikitext
2019-04-01 09:02:53,359 __main__     INFO 200 - GET https://wikitravel.org/wiki/en/api.php?action=parse&page=Vietnam&format=json&prop=wikitext
2019-04-01 09:02:53,629 __main__     INFO 200 - GET https://wikitravel.org/wiki/en/api.php?action=parse&page=Yemen&format=json&prop=wikitext
2019-04-01 09:02:53,907 __main__     INFO 200 - GET https://wikitravel.org/wiki/en/api.php?action=parse&page=Zambia&format=json&prop=wikitext
2019-04-01 09:02:54,173 __main__     INFO 200 - GET https://wikitravel.org/wiki/en/api.php?action=parse&page=Zimbabwe&format=json&prop=wikitext
2019-04-01 09:03:33,227 __main__     INFO Crawler created
2019-04-01 09:03:33,228 __main__     INFO Created directory ../data/wikipedia
2019-04-01 09:03:33,228 __main__     INFO Using ../data/wikipedia as data directory
2019-04-01 09:03:34,051 __main__     WARNING 404 - GET https://en.wikipedia.org/wiki/en/api.php?action=parse&page=Afghanistan&format=json&prop=wikitext
2019-04-01 09:03:34,781 __main__     WARNING 404 - GET https://en.wikipedia.org/wiki/en/api.php?action=parse&page=Albania&format=json&prop=wikitext
2019-04-01 09:03:35,532 __main__     WARNING 404 - GET https://en.wikipedia.org/wiki/en/api.php?action=parse&page=Algeria&format=json&prop=wikitext
2019-04-01 09:03:36,275 __main__     WARNING 404 - GET https://en.wikipedia.org/wiki/en/api.php?action=parse&page=Andorra&format=json&prop=wikitext
2019-04-01 09:03:37,026 __main__     WARNING 404 - GET https://en.wikipedia.org/wiki/en/api.php?action=parse&page=Angola&format=json&prop=wikitext
2019-04-01 09:03:37,864 __main__     WARNING 404 - GET https://en.wikipedia.org/wiki/en/api.php?action=parse&page=Antigua+%26+Deps&format=json&prop=wikitext
2019-04-01 09:03:38,603 __main__     WARNING 404 - GET https://en.wikipedia.org/wiki/en/api.php?action=parse&page=Argentina&format=json&prop=wikitext
2019-04-01 09:05:46,683 __main__     INFO Crawler created
2019-04-01 09:05:46,684 __main__     INFO Using ../data/wikipedia as data directory
2019-04-01 09:05:47,035 __main__     INFO 200 - GET https://en.wikipedia.org/w/api.php?action=parse&page=Afghanistan&format=json&prop=wikitext
2019-04-01 09:05:47,388 __main__     INFO 200 - GET https://en.wikipedia.org/w/api.php?action=parse&page=Albania&format=json&prop=wikitext
2019-04-01 09:05:47,731 __main__     INFO 200 - GET https://en.wikipedia.org/w/api.php?action=parse&page=Algeria&format=json&prop=wikitext
2019-04-01 09:05:48,061 __main__     INFO 200 - GET https://en.wikipedia.org/w/api.php?action=parse&page=Andorra&format=json&prop=wikitext
2019-04-01 09:05:48,384 __main__     INFO 200 - GET https://en.wikipedia.org/w/api.php?action=parse&page=Angola&format=json&prop=wikitext
2019-04-01 09:05:48,658 __main__     INFO 200 - GET https://en.wikipedia.org/w/api.php?action=parse&page=Antigua+%26+Deps&format=json&prop=wikitext
2019-04-01 09:05:48,659 __main__     WARNING Error fetching Antigua & Deps: missingtitle
2019-04-01 09:05:49,001 __main__     INFO 200 - GET https://en.wikipedia.org/w/api.php?action=parse&page=Argentina&format=json&prop=wikitext
2019-04-01 09:05:49,376 __main__     INFO 200 - GET https://en.wikipedia.org/w/api.php?action=parse&page=Armenia&format=json&prop=wikitext
2019-04-01 09:05:49,714 __main__     INFO 200 - GET https://en.wikipedia.org/w/api.php?action=parse&page=Australia&format=json&prop=wikitext
2019-04-01 09:05:50,045 __main__     INFO 200 - GET https://en.wikipedia.org/w/api.php?action=parse&page=Austria&format=json&prop=wikitext
2019-04-01 09:05:50,399 __main__     INFO 200 - GET https://en.wikipedia.org/w/api.php?action=parse&page=Azerbaijan&format=json&prop=wikitext
2019-04-01 09:05:50,738 __main__     INFO 200 - GET https://en.wikipedia.org/w/api.php?action=parse&page=Bahamas&format=json&prop=wikitext
2019-04-01 09:05:51,082 __main__     INFO 200 - GET https://en.wikipedia.org/w/api.php?action=parse&page=Bahrain&format=json&prop=wikitext
2019-04-01 09:05:51,436 __main__     INFO 200 - GET https://en.wikipedia.org/w/api.php?action=parse&page=Bangladesh&format=json&prop=wikitext
2019-04-01 09:05:51,748 __main__     INFO 200 - GET https://en.wikipedia.org/w/api.php?action=parse&page=Barbados&format=json&prop=wikitext
2019-04-01 09:05:52,142 __main__     INFO 200 - GET https://en.wikipedia.org/w/api.php?action=parse&page=Belarus&format=json&prop=wikitext
2019-04-01 09:05:52,483 __main__     INFO 200 - GET https://en.wikipedia.org/w/api.php?action=parse&page=Belgium&format=json&prop=wikitext
2019-04-01 09:05:52,817 __main__     INFO 200 - GET https://en.wikipedia.org/w/api.php?action=parse&page=Belize&format=json&prop=wikitext
2019-04-01 09:05:53,137 __main__     INFO 200 - GET https://en.wikipedia.org/w/api.php?action=parse&page=Benin&format=json&prop=wikitext
2019-04-01 09:05:53,448 __main__     INFO 200 - GET https://en.wikipedia.org/w/api.php?action=parse&page=Bhutan&format=json&prop=wikitext
2019-04-01 09:05:53,835 __main__     INFO 200 - GET https://en.wikipedia.org/w/api.php?action=parse&page=Bolivia&format=json&prop=wikitext
2019-04-01 09:05:54,140 __main__     INFO 200 - GET https://en.wikipedia.org/w/api.php?action=parse&page=Bosnia+Herzegovina&format=json&prop=wikitext
2019-04-01 09:05:54,449 __main__     INFO 200 - GET https://en.wikipedia.org/w/api.php?action=parse&page=Botswana&format=json&prop=wikitext
2019-04-01 09:05:54,810 __main__     INFO 200 - GET https://en.wikipedia.org/w/api.php?action=parse&page=Brazil&format=json&prop=wikitext
2019-04-01 09:06:08,455 __main__     INFO Crawler created
2019-04-01 09:06:08,456 __main__     INFO Using ../data/wikipedia as data directory
2019-04-01 09:06:08,801 __main__     INFO 200 - GET https://en.wikipedia.org/w/api.php?action=parse&page=Afghanistan&format=json&prop=wikitext
2019-04-01 09:06:09,148 __main__     INFO 200 - GET https://en.wikipedia.org/w/api.php?action=parse&page=Albania&format=json&prop=wikitext
2019-04-01 09:06:09,471 __main__     INFO 200 - GET https://en.wikipedia.org/w/api.php?action=parse&page=Algeria&format=json&prop=wikitext
2019-04-01 09:06:09,787 __main__     INFO 200 - GET https://en.wikipedia.org/w/api.php?action=parse&page=Andorra&format=json&prop=wikitext
2019-04-01 09:06:10,096 __main__     INFO 200 - GET https://en.wikipedia.org/w/api.php?action=parse&page=Angola&format=json&prop=wikitext
2019-04-01 09:06:10,361 __main__     INFO 200 - GET https://en.wikipedia.org/w/api.php?action=parse&page=Antigua+%26+Deps&format=json&prop=wikitext
2019-04-01 09:06:10,362 __main__     WARNING Error fetching Antigua & Deps: missingtitle
2019-04-01 09:06:10,739 __main__     INFO 200 - GET https://en.wikipedia.org/w/api.php?action=parse&page=Argentina&format=json&prop=wikitext
2019-04-01 09:06:11,084 __main__     INFO 200 - GET https://en.wikipedia.org/w/api.php?action=parse&page=Armenia&format=json&prop=wikitext
2019-04-01 09:06:11,414 __main__     INFO 200 - GET https://en.wikipedia.org/w/api.php?action=parse&page=Australia&format=json&prop=wikitext
2019-04-01 09:06:11,741 __main__     INFO 200 - GET https://en.wikipedia.org/w/api.php?action=parse&page=Austria&format=json&prop=wikitext
2019-04-01 09:06:12,089 __main__     INFO 200 - GET https://en.wikipedia.org/w/api.php?action=parse&page=Azerbaijan&format=json&prop=wikitext
2019-04-01 09:06:12,421 __main__     INFO 200 - GET https://en.wikipedia.org/w/api.php?action=parse&page=Bahamas&format=json&prop=wikitext
2019-04-01 09:06:12,767 __main__     INFO 200 - GET https://en.wikipedia.org/w/api.php?action=parse&page=Bahrain&format=json&prop=wikitext
2019-04-01 09:06:13,124 __main__     INFO 200 - GET https://en.wikipedia.org/w/api.php?action=parse&page=Bangladesh&format=json&prop=wikitext
2019-04-01 09:06:13,471 __main__     INFO 200 - GET https://en.wikipedia.org/w/api.php?action=parse&page=Barbados&format=json&prop=wikitext
2019-04-01 09:06:13,803 __main__     INFO 200 - GET https://en.wikipedia.org/w/api.php?action=parse&page=Belarus&format=json&prop=wikitext
2019-04-01 09:06:14,145 __main__     INFO 200 - GET https://en.wikipedia.org/w/api.php?action=parse&page=Belgium&format=json&prop=wikitext
2019-04-01 09:06:14,463 __main__     INFO 200 - GET https://en.wikipedia.org/w/api.php?action=parse&page=Belize&format=json&prop=wikitext
2019-04-01 09:06:14,778 __main__     INFO 200 - GET https://en.wikipedia.org/w/api.php?action=parse&page=Benin&format=json&prop=wikitext
2019-04-01 09:06:15,097 __main__     INFO 200 - GET https://en.wikipedia.org/w/api.php?action=parse&page=Bhutan&format=json&prop=wikitext
2019-04-01 09:06:15,411 __main__     INFO 200 - GET https://en.wikipedia.org/w/api.php?action=parse&page=Bolivia&format=json&prop=wikitext
2019-04-01 09:06:15,708 __main__     INFO 200 - GET https://en.wikipedia.org/w/api.php?action=parse&page=Bosnia+Herzegovina&format=json&prop=wikitext
2019-04-01 09:06:16,023 __main__     INFO 200 - GET https://en.wikipedia.org/w/api.php?action=parse&page=Botswana&format=json&prop=wikitext
2019-04-01 09:06:16,379 __main__     INFO 200 - GET https://en.wikipedia.org/w/api.php?action=parse&page=Brazil&format=json&prop=wikitext
2019-04-01 09:06:16,692 __main__     INFO 200 - GET https://en.wikipedia.org/w/api.php?action=parse&page=Brunei&format=json&prop=wikitext
2019-04-01 09:06:17,026 __main__     INFO 200 - GET https://en.wikipedia.org/w/api.php?action=parse&page=Bulgaria&format=json&prop=wikitext
2019-04-01 09:06:17,330 __main__     INFO 200 - GET https://en.wikipedia.org/w/api.php?action=parse&page=Burkina&format=json&prop=wikitext
2019-04-01 09:06:17,661 __main__     INFO 200 - GET https://en.wikipedia.org/w/api.php?action=parse&page=Burundi&format=json&prop=wikitext
2019-04-01 09:06:18,000 __main__     INFO 200 - GET https://en.wikipedia.org/w/api.php?action=parse&page=Cambodia&format=json&prop=wikitext
2019-04-01 09:06:18,354 __main__     INFO 200 - GET https://en.wikipedia.org/w/api.php?action=parse&page=Cameroon&format=json&prop=wikitext
2019-04-01 09:06:18,712 __main__     INFO 200 - GET https://en.wikipedia.org/w/api.php?action=parse&page=Canada&format=json&prop=wikitext
2019-04-01 09:06:19,039 __main__     INFO 200 - GET https://en.wikipedia.org/w/api.php?action=parse&page=Cape+Verde&format=json&prop=wikitext
2019-04-01 09:06:19,367 __main__     INFO 200 - GET https://en.wikipedia.org/w/api.php?action=parse&page=Central+African+Rep&format=json&prop=wikitext
2019-04-01 09:06:19,680 __main__     INFO 200 - GET https://en.wikipedia.org/w/api.php?action=parse&page=Chad&format=json&prop=wikitext
2019-04-01 09:06:20,031 __main__     INFO 200 - GET https://en.wikipedia.org/w/api.php?action=parse&page=Chile&format=json&prop=wikitext
2019-04-01 09:06:20,397 __main__     INFO 200 - GET https://en.wikipedia.org/w/api.php?action=parse&page=China&format=json&prop=wikitext
2019-04-01 09:06:20,742 __main__     INFO 200 - GET https://en.wikipedia.org/w/api.php?action=parse&page=Colombia&format=json&prop=wikitext
2019-04-01 09:06:21,041 __main__     INFO 200 - GET https://en.wikipedia.org/w/api.php?action=parse&page=Comoros&format=json&prop=wikitext
2019-04-01 09:06:21,300 __main__     INFO 200 - GET https://en.wikipedia.org/w/api.php?action=parse&page=Congo&format=json&prop=wikitext
2019-04-01 09:06:21,560 __main__     INFO 200 - GET https://en.wikipedia.org/w/api.php?action=parse&page=Congo+Democratic+Rep&format=json&prop=wikitext
2019-04-01 09:06:21,561 __main__     WARNING Error fetching Congo Democratic Rep: missingtitle
2019-04-01 09:06:21,917 __main__     INFO 200 - GET https://en.wikipedia.org/w/api.php?action=parse&page=Costa+Rica&format=json&prop=wikitext
2019-04-01 09:06:22,265 __main__     INFO 200 - GET https://en.wikipedia.org/w/api.php?action=parse&page=Croatia&format=json&prop=wikitext
2019-04-01 09:06:22,601 __main__     INFO 200 - GET https://en.wikipedia.org/w/api.php?action=parse&page=Cuba&format=json&prop=wikitext
2019-04-01 09:06:22,952 __main__     INFO 200 - GET https://en.wikipedia.org/w/api.php?action=parse&page=Cyprus&format=json&prop=wikitext
2019-04-01 09:06:23,533 __main__     INFO 200 - GET https://en.wikipedia.org/w/api.php?action=parse&page=Czech+Republic&format=json&prop=wikitext
2019-04-01 09:06:23,890 __main__     INFO 200 - GET https://en.wikipedia.org/w/api.php?action=parse&page=Denmark&format=json&prop=wikitext
2019-04-01 09:06:24,198 __main__     INFO 200 - GET https://en.wikipedia.org/w/api.php?action=parse&page=Djibouti&format=json&prop=wikitext
2019-04-01 09:06:24,489 __main__     INFO 200 - GET https://en.wikipedia.org/w/api.php?action=parse&page=Dominica&format=json&prop=wikitext
2019-04-01 09:06:24,896 __main__     INFO 200 - GET https://en.wikipedia.org/w/api.php?action=parse&page=Dominican+Republic&format=json&prop=wikitext
2019-04-01 09:06:25,199 __main__     INFO 200 - GET https://en.wikipedia.org/w/api.php?action=parse&page=East+Timor&format=json&prop=wikitext
2019-04-01 09:06:25,529 __main__     INFO 200 - GET https://en.wikipedia.org/w/api.php?action=parse&page=Ecuador&format=json&prop=wikitext
2019-04-01 09:06:25,880 __main__     INFO 200 - GET https://en.wikipedia.org/w/api.php?action=parse&page=Egypt&format=json&prop=wikitext
2019-04-01 09:06:26,214 __main__     INFO 200 - GET https://en.wikipedia.org/w/api.php?action=parse&page=El+Salvador&format=json&prop=wikitext
2019-04-01 09:06:26,517 __main__     INFO 200 - GET https://en.wikipedia.org/w/api.php?action=parse&page=Equatorial+Guinea&format=json&prop=wikitext
2019-04-01 09:06:26,884 __main__     INFO 200 - GET https://en.wikipedia.org/w/api.php?action=parse&page=Eritrea&format=json&prop=wikitext
2019-04-01 09:06:27,245 __main__     INFO 200 - GET https://en.wikipedia.org/w/api.php?action=parse&page=Estonia&format=json&prop=wikitext
2019-04-01 09:06:27,586 __main__     INFO 200 - GET https://en.wikipedia.org/w/api.php?action=parse&page=Ethiopia&format=json&prop=wikitext
2019-04-01 09:06:27,914 __main__     INFO 200 - GET https://en.wikipedia.org/w/api.php?action=parse&page=Fiji&format=json&prop=wikitext
2019-04-01 09:06:28,265 __main__     INFO 200 - GET https://en.wikipedia.org/w/api.php?action=parse&page=Finland&format=json&prop=wikitext
2019-04-01 09:06:28,722 __main__     INFO 200 - GET https://en.wikipedia.org/w/api.php?action=parse&page=France&format=json&prop=wikitext
2019-04-01 09:06:29,019 __main__     INFO 200 - GET https://en.wikipedia.org/w/api.php?action=parse&page=Gabon&format=json&prop=wikitext
2019-04-01 09:06:29,427 __main__     INFO 200 - GET https://en.wikipedia.org/w/api.php?action=parse&page=Gambia&format=json&prop=wikitext
2019-04-01 09:06:29,685 __main__     INFO 200 - GET https://en.wikipedia.org/w/api.php?action=parse&page=Georgia&format=json&prop=wikitext
2019-04-01 09:06:30,057 __main__     INFO 200 - GET https://en.wikipedia.org/w/api.php?action=parse&page=Germany&format=json&prop=wikitext
2019-04-01 09:06:30,443 __main__     INFO 200 - GET https://en.wikipedia.org/w/api.php?action=parse&page=Ghana&format=json&prop=wikitext
2019-04-01 09:06:30,805 __main__     INFO 200 - GET https://en.wikipedia.org/w/api.php?action=parse&page=Greece&format=json&prop=wikitext
2019-04-01 09:06:31,105 __main__     INFO 200 - GET https://en.wikipedia.org/w/api.php?action=parse&page=Grenada&format=json&prop=wikitext
2019-04-01 09:06:31,451 __main__     INFO 200 - GET https://en.wikipedia.org/w/api.php?action=parse&page=Guatemala&format=json&prop=wikitext
2019-04-01 09:06:31,753 __main__     INFO 200 - GET https://en.wikipedia.org/w/api.php?action=parse&page=Guinea&format=json&prop=wikitext
2019-04-01 09:06:32,054 __main__     INFO 200 - GET https://en.wikipedia.org/w/api.php?action=parse&page=Guinea-Bissau&format=json&prop=wikitext
2019-04-01 09:06:32,370 __main__     INFO 200 - GET https://en.wikipedia.org/w/api.php?action=parse&page=Guyana&format=json&prop=wikitext
2019-04-01 09:06:32,716 __main__     INFO 200 - GET https://en.wikipedia.org/w/api.php?action=parse&page=Haiti&format=json&prop=wikitext
2019-04-01 09:06:33,033 __main__     INFO 200 - GET https://en.wikipedia.org/w/api.php?action=parse&page=Honduras&format=json&prop=wikitext
2019-04-01 09:06:33,399 __main__     INFO 200 - GET https://en.wikipedia.org/w/api.php?action=parse&page=Hungary&format=json&prop=wikitext
2019-04-01 09:06:33,755 __main__     INFO 200 - GET https://en.wikipedia.org/w/api.php?action=parse&page=Iceland&format=json&prop=wikitext
2019-04-01 09:06:34,107 __main__     INFO 200 - GET https://en.wikipedia.org/w/api.php?action=parse&page=India&format=json&prop=wikitext
2019-04-01 09:06:34,435 __main__     INFO 200 - GET https://en.wikipedia.org/w/api.php?action=parse&page=Indonesia&format=json&prop=wikitext
2019-04-01 09:06:34,790 __main__     INFO 200 - GET https://en.wikipedia.org/w/api.php?action=parse&page=Iran&format=json&prop=wikitext
2019-04-01 09:06:35,130 __main__     INFO 200 - GET https://en.wikipedia.org/w/api.php?action=parse&page=Iraq&format=json&prop=wikitext
2019-04-01 09:06:35,474 __main__     INFO 200 - GET https://en.wikipedia.org/w/api.php?action=parse&page=Ireland+Republic&format=json&prop=wikitext
2019-04-01 09:06:35,905 __main__     INFO 200 - GET https://en.wikipedia.org/w/api.php?action=parse&page=Israel&format=json&prop=wikitext
2019-04-01 09:06:36,267 __main__     INFO 200 - GET https://en.wikipedia.org/w/api.php?action=parse&page=Italy&format=json&prop=wikitext
2019-04-01 09:06:36,594 __main__     INFO 200 - GET https://en.wikipedia.org/w/api.php?action=parse&page=Ivory+Coast&format=json&prop=wikitext
2019-04-01 09:06:36,945 __main__     INFO 200 - GET https://en.wikipedia.org/w/api.php?action=parse&page=Jamaica&format=json&prop=wikitext
2019-04-01 09:06:37,290 __main__     INFO 200 - GET https://en.wikipedia.org/w/api.php?action=parse&page=Japan&format=json&prop=wikitext
2019-04-01 09:06:37,616 __main__     INFO 200 - GET https://en.wikipedia.org/w/api.php?action=parse&page=Jordan&format=json&prop=wikitext
2019-04-01 09:06:37,984 __main__     INFO 200 - GET https://en.wikipedia.org/w/api.php?action=parse&page=Kazakhstan&format=json&prop=wikitext
2019-04-01 09:06:38,313 __main__     INFO 200 - GET https://en.wikipedia.org/w/api.php?action=parse&page=Kenya&format=json&prop=wikitext
2019-04-01 09:06:38,614 __main__     INFO 200 - GET https://en.wikipedia.org/w/api.php?action=parse&page=Kiribati&format=json&prop=wikitext
2019-04-01 09:06:38,913 __main__     INFO 200 - GET https://en.wikipedia.org/w/api.php?action=parse&page=Korea+North&format=json&prop=wikitext
2019-04-01 09:06:39,237 __main__     INFO 200 - GET https://en.wikipedia.org/w/api.php?action=parse&page=Korea+South&format=json&prop=wikitext
2019-04-01 09:06:39,574 __main__     INFO 200 - GET https://en.wikipedia.org/w/api.php?action=parse&page=Kosovo&format=json&prop=wikitext
2019-04-01 09:06:39,897 __main__     INFO 200 - GET https://en.wikipedia.org/w/api.php?action=parse&page=Kuwait&format=json&prop=wikitext
2019-04-01 09:06:40,240 __main__     INFO 200 - GET https://en.wikipedia.org/w/api.php?action=parse&page=Kyrgyzstan&format=json&prop=wikitext
2019-04-01 09:06:40,561 __main__     INFO 200 - GET https://en.wikipedia.org/w/api.php?action=parse&page=Laos&format=json&prop=wikitext
2019-04-01 09:06:40,890 __main__     INFO 200 - GET https://en.wikipedia.org/w/api.php?action=parse&page=Latvia&format=json&prop=wikitext
2019-04-01 09:06:41,229 __main__     INFO 200 - GET https://en.wikipedia.org/w/api.php?action=parse&page=Lebanon&format=json&prop=wikitext
2019-04-01 09:06:41,536 __main__     INFO 200 - GET https://en.wikipedia.org/w/api.php?action=parse&page=Lesotho&format=json&prop=wikitext
2019-04-01 09:06:41,855 __main__     INFO 200 - GET https://en.wikipedia.org/w/api.php?action=parse&page=Liberia&format=json&prop=wikitext
2019-04-01 09:06:42,190 __main__     INFO 200 - GET https://en.wikipedia.org/w/api.php?action=parse&page=Libya&format=json&prop=wikitext
2019-04-01 09:06:42,500 __main__     INFO 200 - GET https://en.wikipedia.org/w/api.php?action=parse&page=Liechtenstein&format=json&prop=wikitext
2019-04-01 09:06:42,866 __main__     INFO 200 - GET https://en.wikipedia.org/w/api.php?action=parse&page=Lithuania&format=json&prop=wikitext
2019-04-01 09:06:43,174 __main__     INFO 200 - GET https://en.wikipedia.org/w/api.php?action=parse&page=Luxembourg&format=json&prop=wikitext
2019-04-01 09:06:43,430 __main__     INFO 200 - GET https://en.wikipedia.org/w/api.php?action=parse&page=Macedonia&format=json&prop=wikitext
2019-04-01 09:06:43,764 __main__     INFO 200 - GET https://en.wikipedia.org/w/api.php?action=parse&page=Madagascar&format=json&prop=wikitext
2019-04-01 09:06:44,056 __main__     INFO 200 - GET https://en.wikipedia.org/w/api.php?action=parse&page=Malawi&format=json&prop=wikitext
2019-04-01 09:06:44,398 __main__     INFO 200 - GET https://en.wikipedia.org/w/api.php?action=parse&page=Malaysia&format=json&prop=wikitext
2019-04-01 09:06:44,739 __main__     INFO 200 - GET https://en.wikipedia.org/w/api.php?action=parse&page=Maldives&format=json&prop=wikitext
2019-04-01 09:06:45,040 __main__     INFO 200 - GET https://en.wikipedia.org/w/api.php?action=parse&page=Mali&format=json&prop=wikitext
2019-04-01 09:06:45,394 __main__     INFO 200 - GET https://en.wikipedia.org/w/api.php?action=parse&page=Malta&format=json&prop=wikitext
2019-04-01 09:06:45,683 __main__     INFO 200 - GET https://en.wikipedia.org/w/api.php?action=parse&page=Marshall+Islands&format=json&prop=wikitext
2019-04-01 09:06:46,006 __main__     INFO 200 - GET https://en.wikipedia.org/w/api.php?action=parse&page=Mauritania&format=json&prop=wikitext
2019-04-01 09:06:46,321 __main__     INFO 200 - GET https://en.wikipedia.org/w/api.php?action=parse&page=Mauritius&format=json&prop=wikitext
2019-04-01 09:06:46,688 __main__     INFO 200 - GET https://en.wikipedia.org/w/api.php?action=parse&page=Mexico&format=json&prop=wikitext
2019-04-01 09:06:46,971 __main__     INFO 200 - GET https://en.wikipedia.org/w/api.php?action=parse&page=Micronesia&format=json&prop=wikitext
2019-04-01 09:06:47,306 __main__     INFO 200 - GET https://en.wikipedia.org/w/api.php?action=parse&page=Moldova&format=json&prop=wikitext
2019-04-01 09:06:47,655 __main__     INFO 200 - GET https://en.wikipedia.org/w/api.php?action=parse&page=Monaco&format=json&prop=wikitext
2019-04-01 09:06:47,964 __main__     INFO 200 - GET https://en.wikipedia.org/w/api.php?action=parse&page=Mongolia&format=json&prop=wikitext
2019-04-01 09:06:48,337 __main__     INFO 200 - GET https://en.wikipedia.org/w/api.php?action=parse&page=Montenegro&format=json&prop=wikitext
2019-04-01 09:06:48,679 __main__     INFO 200 - GET https://en.wikipedia.org/w/api.php?action=parse&page=Morocco&format=json&prop=wikitext
2019-04-01 09:06:49,003 __main__     INFO 200 - GET https://en.wikipedia.org/w/api.php?action=parse&page=Mozambique&format=json&prop=wikitext
2019-04-01 09:06:49,264 __main__     INFO 200 - GET https://en.wikipedia.org/w/api.php?action=parse&page=Myanmar%2C+Burma&format=json&prop=wikitext
2019-04-01 09:06:49,265 __main__     WARNING Error fetching Myanmar, Burma: missingtitle
2019-04-01 09:06:49,580 __main__     INFO 200 - GET https://en.wikipedia.org/w/api.php?action=parse&page=Namibia&format=json&prop=wikitext
2019-04-01 09:06:49,871 __main__     INFO 200 - GET https://en.wikipedia.org/w/api.php?action=parse&page=Nauru&format=json&prop=wikitext
2019-04-01 09:06:50,198 __main__     INFO 200 - GET https://en.wikipedia.org/w/api.php?action=parse&page=Nepal&format=json&prop=wikitext
2019-04-01 09:06:50,721 __main__     INFO 200 - GET https://en.wikipedia.org/w/api.php?action=parse&page=Netherlands&format=json&prop=wikitext
2019-04-01 09:06:51,063 __main__     INFO 200 - GET https://en.wikipedia.org/w/api.php?action=parse&page=New+Zealand&format=json&prop=wikitext
2019-04-01 09:06:51,405 __main__     INFO 200 - GET https://en.wikipedia.org/w/api.php?action=parse&page=Nicaragua&format=json&prop=wikitext
2019-04-01 09:06:51,710 __main__     INFO 200 - GET https://en.wikipedia.org/w/api.php?action=parse&page=Niger&format=json&prop=wikitext
2019-04-01 09:06:52,050 __main__     INFO 200 - GET https://en.wikipedia.org/w/api.php?action=parse&page=Nigeria&format=json&prop=wikitext
2019-04-01 09:06:52,424 __main__     INFO 200 - GET https://en.wikipedia.org/w/api.php?action=parse&page=Norway&format=json&prop=wikitext
2019-04-01 09:06:52,760 __main__     INFO 200 - GET https://en.wikipedia.org/w/api.php?action=parse&page=Oman&format=json&prop=wikitext
2019-04-01 09:06:53,161 __main__     INFO 200 - GET https://en.wikipedia.org/w/api.php?action=parse&page=Pakistan&format=json&prop=wikitext
2019-04-01 09:06:53,479 __main__     INFO 200 - GET https://en.wikipedia.org/w/api.php?action=parse&page=Palau&format=json&prop=wikitext
2019-04-01 09:06:53,893 __main__     INFO 200 - GET https://en.wikipedia.org/w/api.php?action=parse&page=Panama&format=json&prop=wikitext
2019-04-01 09:06:54,211 __main__     INFO 200 - GET https://en.wikipedia.org/w/api.php?action=parse&page=Papua+New+Guinea&format=json&prop=wikitext
2019-04-01 09:06:54,512 __main__     INFO 200 - GET https://en.wikipedia.org/w/api.php?action=parse&page=Paraguay&format=json&prop=wikitext
2019-04-01 09:06:54,841 __main__     INFO 200 - GET https://en.wikipedia.org/w/api.php?action=parse&page=Peru&format=json&prop=wikitext
2019-04-01 09:06:55,216 __main__     INFO 200 - GET https://en.wikipedia.org/w/api.php?action=parse&page=Philippines&format=json&prop=wikitext
2019-04-01 09:06:55,576 __main__     INFO 200 - GET https://en.wikipedia.org/w/api.php?action=parse&page=Poland&format=json&prop=wikitext
2019-04-01 09:06:55,998 __main__     INFO 200 - GET https://en.wikipedia.org/w/api.php?action=parse&page=Portugal&format=json&prop=wikitext
2019-04-01 09:06:56,373 __main__     INFO 200 - GET https://en.wikipedia.org/w/api.php?action=parse&page=Qatar&format=json&prop=wikitext
2019-04-01 09:06:56,711 __main__     INFO 200 - GET https://en.wikipedia.org/w/api.php?action=parse&page=Romania&format=json&prop=wikitext
2019-04-01 09:06:57,061 __main__     INFO 200 - GET https://en.wikipedia.org/w/api.php?action=parse&page=Russian+Federation&format=json&prop=wikitext
2019-04-01 09:06:57,434 __main__     INFO 200 - GET https://en.wikipedia.org/w/api.php?action=parse&page=Rwanda&format=json&prop=wikitext
2019-04-01 09:06:57,732 __main__     INFO 200 - GET https://en.wikipedia.org/w/api.php?action=parse&page=St+Kitts+%26+Nevis&format=json&prop=wikitext
2019-04-01 09:06:58,028 __main__     INFO 200 - GET https://en.wikipedia.org/w/api.php?action=parse&page=St+Lucia&format=json&prop=wikitext
2019-04-01 09:06:58,302 __main__     INFO 200 - GET https://en.wikipedia.org/w/api.php?action=parse&page=Saint+Vincent+%26+the+Grenadines&format=json&prop=wikitext
2019-04-01 09:06:58,612 __main__     INFO 200 - GET https://en.wikipedia.org/w/api.php?action=parse&page=Samoa&format=json&prop=wikitext
2019-04-01 09:06:58,900 __main__     INFO 200 - GET https://en.wikipedia.org/w/api.php?action=parse&page=San+Marino&format=json&prop=wikitext
2019-04-01 09:06:59,183 __main__     INFO 200 - GET https://en.wikipedia.org/w/api.php?action=parse&page=Sao+Tome+%26+Principe&format=json&prop=wikitext
2019-04-01 09:06:59,524 __main__     INFO 200 - GET https://en.wikipedia.org/w/api.php?action=parse&page=Saudi+Arabia&format=json&prop=wikitext
2019-04-01 09:06:59,826 __main__     INFO 200 - GET https://en.wikipedia.org/w/api.php?action=parse&page=Senegal&format=json&prop=wikitext
2019-04-01 09:07:00,208 __main__     INFO 200 - GET https://en.wikipedia.org/w/api.php?action=parse&page=Serbia&format=json&prop=wikitext
2019-04-01 09:07:00,509 __main__     INFO 200 - GET https://en.wikipedia.org/w/api.php?action=parse&page=Seychelles&format=json&prop=wikitext
2019-04-01 09:07:00,860 __main__     INFO 200 - GET https://en.wikipedia.org/w/api.php?action=parse&page=Sierra+Leone&format=json&prop=wikitext
2019-04-01 09:07:01,235 __main__     INFO 200 - GET https://en.wikipedia.org/w/api.php?action=parse&page=Singapore&format=json&prop=wikitext
2019-04-01 09:07:01,552 __main__     INFO 200 - GET https://en.wikipedia.org/w/api.php?action=parse&page=Slovakia&format=json&prop=wikitext
2019-04-01 09:07:01,887 __main__     INFO 200 - GET https://en.wikipedia.org/w/api.php?action=parse&page=Slovenia&format=json&prop=wikitext
2019-04-01 09:07:02,198 __main__     INFO 200 - GET https://en.wikipedia.org/w/api.php?action=parse&page=Solomon+Islands&format=json&prop=wikitext
2019-04-01 09:07:02,574 __main__     INFO 200 - GET https://en.wikipedia.org/w/api.php?action=parse&page=Somalia&format=json&prop=wikitext
2019-04-01 09:07:02,897 __main__     INFO 200 - GET https://en.wikipedia.org/w/api.php?action=parse&page=South+Africa&format=json&prop=wikitext
2019-04-01 09:07:03,207 __main__     INFO 200 - GET https://en.wikipedia.org/w/api.php?action=parse&page=South+Sudan&format=json&prop=wikitext
2019-04-01 09:07:03,554 __main__     INFO 200 - GET https://en.wikipedia.org/w/api.php?action=parse&page=Spain&format=json&prop=wikitext
2019-04-01 09:07:03,887 __main__     INFO 200 - GET https://en.wikipedia.org/w/api.php?action=parse&page=Sri+Lanka&format=json&prop=wikitext
2019-04-01 09:07:04,216 __main__     INFO 200 - GET https://en.wikipedia.org/w/api.php?action=parse&page=Sudan&format=json&prop=wikitext
2019-04-01 09:07:04,533 __main__     INFO 200 - GET https://en.wikipedia.org/w/api.php?action=parse&page=Suriname&format=json&prop=wikitext
2019-04-01 09:07:04,995 __main__     INFO 200 - GET https://en.wikipedia.org/w/api.php?action=parse&page=Swaziland&format=json&prop=wikitext
2019-04-01 09:07:05,346 __main__     INFO 200 - GET https://en.wikipedia.org/w/api.php?action=parse&page=Sweden&format=json&prop=wikitext
2019-04-01 09:07:05,687 __main__     INFO 200 - GET https://en.wikipedia.org/w/api.php?action=parse&page=Switzerland&format=json&prop=wikitext
2019-04-01 09:07:06,006 __main__     INFO 200 - GET https://en.wikipedia.org/w/api.php?action=parse&page=Syria&format=json&prop=wikitext
2019-04-01 09:07:06,372 __main__     INFO 200 - GET https://en.wikipedia.org/w/api.php?action=parse&page=Taiwan&format=json&prop=wikitext
2019-04-01 09:07:06,696 __main__     INFO 200 - GET https://en.wikipedia.org/w/api.php?action=parse&page=Tajikistan&format=json&prop=wikitext
2019-04-01 09:07:07,030 __main__     INFO 200 - GET https://en.wikipedia.org/w/api.php?action=parse&page=Tanzania&format=json&prop=wikitext
2019-04-01 09:07:07,369 __main__     INFO 200 - GET https://en.wikipedia.org/w/api.php?action=parse&page=Thailand&format=json&prop=wikitext
2019-04-01 09:07:07,657 __main__     INFO 200 - GET https://en.wikipedia.org/w/api.php?action=parse&page=Togo&format=json&prop=wikitext
2019-04-01 09:07:07,959 __main__     INFO 200 - GET https://en.wikipedia.org/w/api.php?action=parse&page=Tonga&format=json&prop=wikitext
2019-04-01 09:07:08,239 __main__     INFO 200 - GET https://en.wikipedia.org/w/api.php?action=parse&page=Trinidad+%26+Tobago&format=json&prop=wikitext
2019-04-01 09:07:08,565 __main__     INFO 200 - GET https://en.wikipedia.org/w/api.php?action=parse&page=Tunisia&format=json&prop=wikitext
2019-04-01 09:07:08,917 __main__     INFO 200 - GET https://en.wikipedia.org/w/api.php?action=parse&page=Turkey&format=json&prop=wikitext
2019-04-01 09:07:09,232 __main__     INFO 200 - GET https://en.wikipedia.org/w/api.php?action=parse&page=Turkmenistan&format=json&prop=wikitext
2019-04-01 09:07:09,567 __main__     INFO 200 - GET https://en.wikipedia.org/w/api.php?action=parse&page=Tuvalu&format=json&prop=wikitext
2019-04-01 09:07:09,881 __main__     INFO 200 - GET https://en.wikipedia.org/w/api.php?action=parse&page=Uganda&format=json&prop=wikitext
2019-04-01 09:07:10,234 __main__     INFO 200 - GET https://en.wikipedia.org/w/api.php?action=parse&page=Ukraine&format=json&prop=wikitext
2019-04-01 09:07:10,602 __main__     INFO 200 - GET https://en.wikipedia.org/w/api.php?action=parse&page=United+Arab+Emirates&format=json&prop=wikitext
2019-04-01 09:07:10,968 __main__     INFO 200 - GET https://en.wikipedia.org/w/api.php?action=parse&page=United+Kingdom&format=json&prop=wikitext
2019-04-01 09:07:11,447 __main__     INFO 200 - GET https://en.wikipedia.org/w/api.php?action=parse&page=United+States&format=json&prop=wikitext
2019-04-01 09:07:11,769 __main__     INFO 200 - GET https://en.wikipedia.org/w/api.php?action=parse&page=Uruguay&format=json&prop=wikitext
2019-04-01 09:07:12,089 __main__     INFO 200 - GET https://en.wikipedia.org/w/api.php?action=parse&page=Uzbekistan&format=json&prop=wikitext
2019-04-01 09:07:12,376 __main__     INFO 200 - GET https://en.wikipedia.org/w/api.php?action=parse&page=Vanuatu&format=json&prop=wikitext
2019-04-01 09:07:12,691 __main__     INFO 200 - GET https://en.wikipedia.org/w/api.php?action=parse&page=Vatican+City&format=json&prop=wikitext
2019-04-01 09:07:13,017 __main__     INFO 200 - GET https://en.wikipedia.org/w/api.php?action=parse&page=Venezuela&format=json&prop=wikitext
2019-04-01 09:07:13,479 __main__     INFO 200 - GET https://en.wikipedia.org/w/api.php?action=parse&page=Vietnam&format=json&prop=wikitext
2019-04-01 09:07:13,814 __main__     INFO 200 - GET https://en.wikipedia.org/w/api.php?action=parse&page=Yemen&format=json&prop=wikitext
2019-04-01 09:07:14,116 __main__     INFO 200 - GET https://en.wikipedia.org/w/api.php?action=parse&page=Zambia&format=json&prop=wikitext
2019-04-01 09:07:14,449 __main__     INFO 200 - GET https://en.wikipedia.org/w/api.php?action=parse&page=Zimbabwe&format=json&prop=wikitext
